0 info it worked if it ends with ok
1 verbose cli [ '/Users/lawrence/.nvm/versions/node/v5.12.0/bin/node',
1 verbose cli   '/Users/lawrence/.nvm/versions/node/v5.12.0/bin/npm',
1 verbose cli   'install',
1 verbose cli   'jquery' ]
2 info using npm@3.8.6
3 info using node@v5.12.0
4 silly loadCurrentTree Starting
5 silly install loadCurrentTree
6 silly install readLocalPackageData
7 silly fetchPackageMetaData jquery
8 silly fetchNamedPackageData jquery
9 silly mapToRegistry name jquery
10 silly mapToRegistry using default registry
11 silly mapToRegistry registry http://npm.prod.factual.com/
12 silly mapToRegistry data Result {
12 silly mapToRegistry   raw: 'jquery',
12 silly mapToRegistry   scope: null,
12 silly mapToRegistry   name: 'jquery',
12 silly mapToRegistry   rawSpec: '',
12 silly mapToRegistry   spec: 'latest',
12 silly mapToRegistry   type: 'tag' }
13 silly mapToRegistry uri http://npm.prod.factual.com/jquery
14 verbose request uri http://npm.prod.factual.com/jquery
15 verbose request no auth needed
16 info attempt registry request try #1 at 10:35:47 AM
17 verbose request using bearer token for auth
18 verbose request id 3df9c768baac3a53
19 http request GET http://npm.prod.factual.com/jquery
20 info retry will retry, error on last attempt: Error: getaddrinfo ENOTFOUND npm.prod.factual.com npm.prod.factual.com:80
21 info attempt registry request try #2 at 10:35:58 AM
22 verbose request using bearer token for auth
23 http request GET http://npm.prod.factual.com/jquery
24 info retry will retry, error on last attempt: Error: getaddrinfo ENOTFOUND npm.prod.factual.com npm.prod.factual.com:80
25 info attempt registry request try #3 at 10:36:58 AM
26 verbose request using bearer token for auth
27 http request GET http://npm.prod.factual.com/jquery
28 silly fetchPackageMetaData Error: getaddrinfo ENOTFOUND npm.prod.factual.com npm.prod.factual.com:80
28 silly fetchPackageMetaData     at errnoException (dns.js:26:10)
28 silly fetchPackageMetaData     at GetAddrInfoReqWrap.onlookup [as oncomplete] (dns.js:77:26)
28 silly fetchPackageMetaData  error for jquery { [Error: getaddrinfo ENOTFOUND npm.prod.factual.com npm.prod.factual.com:80]
28 silly fetchPackageMetaData   code: 'ENOTFOUND',
28 silly fetchPackageMetaData   errno: 'ENOTFOUND',
28 silly fetchPackageMetaData   syscall: 'getaddrinfo',
28 silly fetchPackageMetaData   hostname: 'npm.prod.factual.com',
28 silly fetchPackageMetaData   host: 'npm.prod.factual.com',
28 silly fetchPackageMetaData   port: 80 }
29 silly rollbackFailedOptional Starting
30 silly rollbackFailedOptional Finishing
31 silly runTopLevelLifecycles Starting
32 silly runTopLevelLifecycles Finishing
33 silly install printInstalled
34 verbose stack Error: getaddrinfo ENOTFOUND npm.prod.factual.com npm.prod.factual.com:80
34 verbose stack     at errnoException (dns.js:26:10)
34 verbose stack     at GetAddrInfoReqWrap.onlookup [as oncomplete] (dns.js:77:26)
35 verbose cwd /Users/lawrence/Desktop/Demo
36 error Darwin 16.7.0
37 error argv "/Users/lawrence/.nvm/versions/node/v5.12.0/bin/node" "/Users/lawrence/.nvm/versions/node/v5.12.0/bin/npm" "install" "jquery"
38 error node v5.12.0
39 error npm  v3.8.6
40 error code ENOTFOUND
41 error errno ENOTFOUND
42 error syscall getaddrinfo
43 error network getaddrinfo ENOTFOUND npm.prod.factual.com npm.prod.factual.com:80
44 error network This is most likely not a problem with npm itself
44 error network and is related to network connectivity.
44 error network In most cases you are behind a proxy or have bad network settings.
44 error network
44 error network If you are behind a proxy, please make sure that the
44 error network 'proxy' config is set properly.  See: 'npm help config'
45 verbose exit [ 1, true ]
