Arguments: 
  /Applications/Framer X.app/Contents/Resources/Node/bin/node /Applications/Framer X.app/Contents/Resources/Server/node_modules/yarn/lib/cli.js outdated --cwd /Users/lawrence/Library/Autosave Information/Framer-531E09C0-A5F9-4465-AA3B-B961CA736684/container --skip-integrity-check --cache-folder /Users/lawrence/Library/Caches/Framer/yarn/cache --mutex file:/Users/lawrence/Library/Caches/Framer/yarn/mutex --json

PATH: 
  /usr/bin:/bin:/usr/sbin:/sbin

Yarn version: 
  1.9.4

Node version: 
  8.11.2

Platform: 
  darwin x64

Trace: 
  Error: getaddrinfo ENOTFOUND registry.npmjs.org registry.npmjs.org:80
      at errnoException (dns.js:50:10)
      at GetAddrInfoReqWrap.onlookup [as oncomplete] (dns.js:92:26)

npm manifest: 
  {
  	"main": "build/index.js",
  	"license": "MIT",
  	"devDependencies": {
  		"@types/react": "^16.0.31",
  		"framer": "^0.9.0"
  	},
  	"peerDependencies": {
  		"framer": "^0.9.0",
  		"react": "^16.3.0",
  		"react-dom": "^16.3.0"
  	},
  	"framer": {
  		"id": "340d7617-3678-48cb-9e24-5db99fc14f0f"
  	},
  	"author": "Lawrence Yong",
  	"dependencies": {
  		"@antv/data-set": "^0.9.6",
  		"@antv/g2": "^3.3.0",
  		"@framer/alnikitin.ant-components": "^1.2.0",
  		"@framer/benjamin.logo": "^1.5.0",
  		"@framer/mapbox.mapbox": "^1.1.0",
  		"@types/node": "^10.12.0",
  		"antv": "^0.2.2",
  		"bizcharts": "^3.2.4",
  		"json": "^9.0.6",
  		"react": "^16.5.2",
  		"react-dom": "^16.5.2",
  		"victory": "^30.5.0"
  	}
  }

yarn manifest: 
  No manifest

Lockfile: 
  # THIS IS AN AUTOGENERATED FILE. DO NOT EDIT THIS FILE DIRECTLY.
  # yarn lockfile v1
  
  
  "@ant-design/icons-react@~1.1.2":
    version "1.1.2"
    resolved "https://registry.yarnpkg.com/@ant-design/icons-react/-/icons-react-1.1.2.tgz#df25c4560864f8a3b687b305c3238daff048ed72"
    dependencies:
      ant-design-palettes "^1.1.3"
      babel-runtime "^6.26.0"
  
  "@ant-design/icons@~1.1.15":
    version "1.1.15"
    resolved "https://registry.yarnpkg.com/@ant-design/icons/-/icons-1.1.15.tgz#2ff689b87bb160c246a07adaa99cdb1c8dfd4412"
  
  "@antv/adjust@~0.0.7":
    version "0.0.7"
    resolved "https://registry.yarnpkg.com/@antv/adjust/-/adjust-0.0.7.tgz#01e83c36b28c50eecb98fad9dc662176b4036ab7"
    dependencies:
      "@antv/util" "~1.2.5"
  
  "@antv/attr@~0.0.7":
    version "0.0.7"
    resolved "https://registry.yarnpkg.com/@antv/attr/-/attr-0.0.7.tgz#333f252ce35fc3efdf8ad48046c263a6be2d7d04"
    dependencies:
      "@antv/util" "~1.2.5"
  
  "@antv/component@~0.1.3":
    version "0.1.4"
    resolved "https://registry.yarnpkg.com/@antv/component/-/component-0.1.4.tgz#4cddbf6e767dfc4588c32c3c835999e8e8fc71c5"
    dependencies:
      "@antv/attr" "~0.0.7"
      "@antv/g" "~3.3.1"
      "@antv/util" "~1.2.5"
      wolfy87-eventemitter "~5.1.0"
  
  "@antv/coord@~0.0.3":
    version "0.0.3"
    resolved "https://registry.yarnpkg.com/@antv/coord/-/coord-0.0.3.tgz#d5b41b9691fd7b6395ed6ea30f8c39987f06da26"
    dependencies:
      "@antv/util" "~1.2.3"
  
  "@antv/data-set@^0.9.6":
    version "0.9.6"
    resolved "https://registry.yarnpkg.com/@antv/data-set/-/data-set-0.9.6.tgz#3273a5cb8230ad368a2e8075bce030ac330b2a69"
    dependencies:
      "@antv/hierarchy" "~0.3.15"
      "@antv/util" "~1.2.4"
      d3-array "~1.2.0"
      d3-composite-projections "~1.2.0"
      d3-dsv "~1.0.5"
      d3-geo "~1.6.4"
      d3-geo-projection "~2.1.2"
      d3-hexjson "~1.0.1"
      d3-hierarchy "~1.1.5"
      d3-sankey "~0.7.1"
      d3-voronoi "~1.1.2"
      dagre "~0.8.2"
      point-at-length "~1.0.2"
      regression "~2.0.0"
      simple-statistics "~6.1.0"
      topojson-client "~3.0.0"
      wolfy87-eventemitter "~5.1.0"
  
  "@antv/g2@3.2.8":
    version "3.2.8"
    resolved "https://registry.yarnpkg.com/@antv/g2/-/g2-3.2.8.tgz#a448eeb489501a0a8b6cf9abf54eff12ef00c834"
    dependencies:
      "@antv/adjust" "~0.0.7"
      "@antv/attr" "~0.0.7"
      "@antv/coord" "~0.0.3"
      "@antv/g" "~3.2.2"
      "@antv/scale" "~0.0.9"
      "@antv/util" "~1.2.5"
      venn.js "~0.2.20"
      wolfy87-eventemitter "~5.1.0"
  
  "@antv/g2@^3.3.0":
    version "3.3.1"
    resolved "https://registry.yarnpkg.com/@antv/g2/-/g2-3.3.1.tgz#1bfc27bccbc2be75ccbafa5056b14bbb650b2fa9"
    dependencies:
      "@antv/adjust" "~0.0.7"
      "@antv/attr" "~0.0.7"
      "@antv/component" "~0.1.3"
      "@antv/coord" "~0.0.3"
      "@antv/g" "~3.3.3"
      "@antv/scale" "~0.0.9"
      "@antv/util" "~1.2.5"
      venn.js "~0.2.20"
      wolfy87-eventemitter "~5.1.0"
  
  "@antv/g@~3.2.2":
    version "3.2.2"
    resolved "https://registry.yarnpkg.com/@antv/g/-/g-3.2.2.tgz#ab30f69a9d72e629912aee0461f54d276519c237"
    dependencies:
      "@antv/gl-matrix" "~2.7.1"
      "@antv/util" "~1.2.3"
      d3-ease "~1.0.3"
      d3-interpolate "~1.1.5"
      d3-timer "~1.0.6"
      wolfy87-eventemitter "~5.1.0"
  
  "@antv/g@~3.3.1", "@antv/g@~3.3.3":
    version "3.3.3"
    resolved "https://registry.yarnpkg.com/@antv/g/-/g-3.3.3.tgz#cb9d6f1a2b74c0e03be87adbad511d081d3754dc"
    dependencies:
      "@antv/gl-matrix" "~2.7.1"
      "@antv/util" "~1.2.3"
      d3-ease "~1.0.3"
      d3-interpolate "~1.1.5"
      d3-timer "~1.0.6"
      wolfy87-eventemitter "~5.1.0"
  
  "@antv/gl-matrix@^2.7.1", "@antv/gl-matrix@~2.7.1":
    version "2.7.1"
    resolved "https://registry.yarnpkg.com/@antv/gl-matrix/-/gl-matrix-2.7.1.tgz#acb8e37f7ab3df01345aba4372d7942be42eba14"
  
  "@antv/hierarchy@~0.3.15":
    version "0.3.15"
    resolved "https://registry.yarnpkg.com/@antv/hierarchy/-/hierarchy-0.3.15.tgz#218c664510c5052185dcc9924e8236d3fd22a020"
    dependencies:
      "@antv/util" "^1.2.4"
  
  "@antv/scale@~0.0.9":
    version "0.0.9"
    resolved "https://registry.yarnpkg.com/@antv/scale/-/scale-0.0.9.tgz#24a96d3c3a4a507315a9a335e5a435be4d6ccd45"
    dependencies:
      "@antv/util" "~1.2.5"
      fecha "~2.3.3"
  
  "@antv/util@^1.2.4", "@antv/util@~1.2.3", "@antv/util@~1.2.4", "@antv/util@~1.2.5":
    version "1.2.5"
    resolved "https://registry.yarnpkg.com/@antv/util/-/util-1.2.5.tgz#8896c5055ec29e4a344b5daa97bf82905f7d40cd"
    dependencies:
      "@antv/gl-matrix" "^2.7.1"
  
  "@babel/runtime@^7.0.0":
    version "7.1.2"
    resolved "https://registry.yarnpkg.com/@babel/runtime/-/runtime-7.1.2.tgz#81c89935f4647706fc54541145e6b4ecfef4b8e3"
    dependencies:
      regenerator-runtime "^0.12.0"
  
  "@framer/alnikitin.ant-components@^1.2.0":
    version "1.2.0"
    resolved "https://registry.framer.com/@framer/alnikitin.ant-components/-/@framer/alnikitin.ant-components-1.2.0.tgz#81d4c54cafccd1407196142ee87236c212f0a66e"
    dependencies:
      antd "^3.9.2"
  
  "@framer/benjamin.logo@^1.5.0":
    version "1.5.0"
    resolved "https://registry.framer.com/@framer/benjamin.logo/-/@framer/benjamin.logo-1.5.0.tgz#c212146e594b5690225914f80d8f901ad5236645"
  
  "@framer/jonas.mapbox@^1.4.0":
    version "1.4.0"
    resolved "https://registry.framer.com/@framer/jonas.mapbox/-/@framer/jonas.mapbox-1.4.0.tgz#10f450a918b0504cf1dda0cc9d21110d45f55607"
    dependencies:
      react-map-gl "^3.3.0"
  
  "@framer/mapbox.mapbox@^1.1.0":
    version "1.1.0"
    resolved "https://registry.framer.com/@framer/mapbox.mapbox/-/@framer/mapbox.mapbox-1.1.0.tgz#427c9310504dfa5757cf9a6c9c8f319cfc7bc264"
    dependencies:
      "@framer/jonas.mapbox" "^1.4.0"
  
  "@mapbox/geojson-area@0.2.2":
    version "0.2.2"
    resolved "https://registry.yarnpkg.com/@mapbox/geojson-area/-/geojson-area-0.2.2.tgz#18d7814aa36bf23fbbcc379f8e26a22927debf10"
    dependencies:
      wgs84 "0.0.0"
  
  "@mapbox/geojson-types@^1.0.2":
    version "1.0.2"
    resolved "https://registry.yarnpkg.com/@mapbox/geojson-types/-/geojson-types-1.0.2.tgz#9aecf642cb00eab1080a57c4f949a65b4a5846d6"
  
  "@mapbox/jsonlint-lines-primitives@^2.0.2":
    version "2.0.2"
    resolved "https://registry.yarnpkg.com/@mapbox/jsonlint-lines-primitives/-/jsonlint-lines-primitives-2.0.2.tgz#ce56e539f83552b58d10d672ea4d6fc9adc7b234"
  
  "@mapbox/mapbox-gl-supported@^1.4.0":
    version "1.4.0"
    resolved "https://registry.yarnpkg.com/@mapbox/mapbox-gl-supported/-/mapbox-gl-supported-1.4.0.tgz#36946b22944fe2cfa43cfafd5ef36fdb54a069e4"
  
  "@mapbox/point-geometry@0.1.0", "@mapbox/point-geometry@^0.1.0", "@mapbox/point-geometry@~0.1.0":
    version "0.1.0"
    resolved "https://registry.yarnpkg.com/@mapbox/point-geometry/-/point-geometry-0.1.0.tgz#8a83f9335c7860effa2eeeca254332aa0aeed8f2"
  
  "@mapbox/tiny-sdf@^1.1.0":
    version "1.1.0"
    resolved "https://registry.yarnpkg.com/@mapbox/tiny-sdf/-/tiny-sdf-1.1.0.tgz#b0b8f5c22005e6ddb838f421ffd257c1f74f9a20"
  
  "@mapbox/unitbezier@^0.0.0":
    version "0.0.0"
    resolved "https://registry.yarnpkg.com/@mapbox/unitbezier/-/unitbezier-0.0.0.tgz#15651bd553a67b8581fb398810c98ad86a34524e"
  
  "@mapbox/vector-tile@^1.3.1":
    version "1.3.1"
    resolved "https://registry.yarnpkg.com/@mapbox/vector-tile/-/vector-tile-1.3.1.tgz#d3a74c90402d06e89ec66de49ec817ff53409666"
    dependencies:
      "@mapbox/point-geometry" "~0.1.0"
  
  "@mapbox/whoots-js@^3.1.0":
    version "3.1.0"
    resolved "https://registry.yarnpkg.com/@mapbox/whoots-js/-/whoots-js-3.1.0.tgz#497c67a1cef50d1a2459ba60f315e448d2ad87fe"
  
  "@types/node@^10.12.0":
    version "10.12.0"
    resolved "https://registry.yarnpkg.com/@types/node/-/node-10.12.0.tgz#ea6dcbddbc5b584c83f06c60e82736d8fbb0c235"
  
  "@types/react@^16.0.31":
    version "16.4.6"
    resolved "https://registry.yarnpkg.com/@types/react/-/react-16.4.6.tgz#5024957c6bcef4f02823accf5974faba2e54fada"
    dependencies:
      csstype "^2.2.0"
  
  abs-svg-path@~0.1.1:
    version "0.1.1"
    resolved "https://registry.yarnpkg.com/abs-svg-path/-/abs-svg-path-0.1.1.tgz#df601c8e8d2ba10d4a76d625e236a9a39c2723bf"
  
  acorn@^5.0.0:
    version "5.7.3"
    resolved "https://registry.yarnpkg.com/acorn/-/acorn-5.7.3.tgz#67aa231bf8812974b85235a96771eb6bd07ea279"
  
  add-dom-event-listener@^1.1.0:
    version "1.1.0"
    resolved "https://registry.yarnpkg.com/add-dom-event-listener/-/add-dom-event-listener-1.1.0.tgz#6a92db3a0dd0abc254e095c0f1dc14acbbaae310"
    dependencies:
      object-assign "4.x"
  
  align-text@^0.1.1, align-text@^0.1.3:
    version "0.1.4"
    resolved "https://registry.yarnpkg.com/align-text/-/align-text-0.1.4.tgz#0cd90a561093f35d0a99256c22b7069433fad117"
    dependencies:
      kind-of "^3.0.2"
      longest "^1.0.1"
      repeat-string "^1.5.2"
  
  amdefine@>=0.0.4:
    version "1.0.1"
    resolved "https://registry.yarnpkg.com/amdefine/-/amdefine-1.0.1.tgz#4a5282ac164729e93619bcfd3ad151f817ce91f5"
  
  ansi-regex@^2.0.0:
    version "2.1.1"
    resolved "https://registry.yarnpkg.com/ansi-regex/-/ansi-regex-2.1.1.tgz#c3b33ab5ee360d86e0e628f0468ae7ef27d654df"
  
  ansi-styles@^2.2.1:
    version "2.2.1"
    resolved "https://registry.yarnpkg.com/ansi-styles/-/ansi-styles-2.2.1.tgz#b432dd3358b634cf75e1e4664368240533c1ddbe"
  
  ansicolors@~0.2.1:
    version "0.2.1"
    resolved "https://registry.yarnpkg.com/ansicolors/-/ansicolors-0.2.1.tgz#be089599097b74a5c9c4a84a0cdbcdb62bd87aef"
  
  ant-design-palettes@^1.1.3:
    version "1.1.3"
    resolved "https://registry.yarnpkg.com/ant-design-palettes/-/ant-design-palettes-1.1.3.tgz#84119b1a4d86363adc52a38d587e65336a0a27dd"
    dependencies:
      tinycolor2 "^1.4.1"
  
  antd@^3.9.2:
    version "3.10.1"
    resolved "https://registry.yarnpkg.com/antd/-/antd-3.10.1.tgz#0de2b16789ad9224d9d54e6fbbea947e6333c19c"
    dependencies:
      "@ant-design/icons" "~1.1.15"
      "@ant-design/icons-react" "~1.1.2"
      array-tree-filter "^2.1.0"
      babel-runtime "6.x"
      classnames "~2.2.6"
      create-react-class "^15.6.3"
      create-react-context "0.2.3"
      css-animation "^1.4.1"
      dom-closest "^0.2.0"
      enquire.js "^2.1.6"
      intersperse "^1.0.0"
      lodash "^4.17.11"
      moment "^2.22.2"
      omit.js "^1.0.0"
      prop-types "^15.6.2"
      raf "^3.4.0"
      rc-animate "^2.5.4"
      rc-calendar "~9.7.9"
      rc-cascader "~0.16.0"
      rc-checkbox "~2.1.5"
      rc-collapse "~1.10.0"
      rc-dialog "~7.2.1"
      rc-drawer "~1.7.6"
      rc-dropdown "~2.2.1"
      rc-editor-mention "^1.1.7"
      rc-form "^2.2.3"
      rc-input-number "~4.1.0"
      rc-menu "~7.4.12"
      rc-notification "~3.2.0"
      rc-pagination "~1.17.3"
      rc-progress "~2.2.6"
      rc-rate "~2.4.2"
      rc-select "~8.4.0"
      rc-slider "~8.6.3"
      rc-steps "~3.3.0"
      rc-switch "~1.8.0"
      rc-table "~6.3.4"
      rc-tabs "~9.4.6"
      rc-time-picker "~3.4.0"
      rc-tooltip "~3.7.3"
      rc-tree "~1.14.6"
      rc-tree-select "~2.3.1"
      rc-trigger "^2.6.2"
      rc-upload "~2.6.0"
      rc-util "^4.5.1"
      react-lazy-load "^3.0.13"
      react-lifecycles-compat "^3.0.4"
      react-slick "~0.23.1"
      shallowequal "^1.1.0"
      warning "~4.0.2"
  
  antv@^0.2.2:
    version "0.2.2"
    resolved "https://registry.yarnpkg.com/antv/-/antv-0.2.2.tgz#037bf9a1538c72d968aef53e25b540bc8a1cadd7"
    dependencies:
      popper.js "^0.6.4"
      vue "^2.2.0"
      vue-router "^2.0.0-rc.7"
  
  array-tree-filter@^1.0.0:
    version "1.0.1"
    resolved "https://registry.yarnpkg.com/array-tree-filter/-/array-tree-filter-1.0.1.tgz#0a8ad1eefd38ce88858632f9cc0423d7634e4d5d"
  
  array-tree-filter@^2.1.0:
    version "2.1.0"
    resolved "https://registry.yarnpkg.com/array-tree-filter/-/array-tree-filter-2.1.0.tgz#873ac00fec83749f255ac8dd083814b4f6329190"
  
  asap@~2.0.3:
    version "2.0.6"
    resolved "https://registry.yarnpkg.com/asap/-/asap-2.0.6.tgz#e50347611d7e690943208bbdafebcbc2fb866d46"
  
  async-validator@~1.8.5:
    version "1.8.5"
    resolved "https://registry.yarnpkg.com/async-validator/-/async-validator-1.8.5.tgz#dc3e08ec1fd0dddb67e60842f02c0cd1cec6d7f0"
    dependencies:
      babel-runtime "6.x"
  
  babel-runtime@6.x, babel-runtime@^6.23.0, babel-runtime@^6.26.0:
    version "6.26.0"
    resolved "https://registry.yarnpkg.com/babel-runtime/-/babel-runtime-6.26.0.tgz#965c7058668e82b55d7bfe04ff2337bc8b5647fe"
    dependencies:
      core-js "^2.4.0"
      regenerator-runtime "^0.11.0"
  
  balanced-match@^1.0.0:
    version "1.0.0"
    resolved "https://registry.yarnpkg.com/balanced-match/-/balanced-match-1.0.0.tgz#89b4d199ab2bee49de164ea02b89ce462d71b767"
  
  bizcharts@^3.2.4:
    version "3.2.4"
    resolved "https://registry.yarnpkg.com/bizcharts/-/bizcharts-3.2.4.tgz#12dfd28c569c31f4e47df02d21deb3438930dd8e"
    dependencies:
      "@antv/g2" "3.2.8"
      invariant "^2.2.2"
      prop-types "^15.6.0"
      warning "^3.0.0"
  
  brace-expansion@^1.1.7:
    version "1.1.11"
    resolved "https://registry.yarnpkg.com/brace-expansion/-/brace-expansion-1.1.11.tgz#3c7fcbf529d87226f3d2f52b966ff5271eb441dd"
    dependencies:
      balanced-match "^1.0.0"
      concat-map "0.0.1"
  
  brfs@^1.4.4:
    version "1.6.1"
    resolved "https://registry.yarnpkg.com/brfs/-/brfs-1.6.1.tgz#b78ce2336d818e25eea04a0947cba6d4fb8849c3"
    dependencies:
      quote-stream "^1.0.1"
      resolve "^1.1.5"
      static-module "^2.2.0"
      through2 "^2.0.0"
  
  buffer-equal@0.0.1:
    version "0.0.1"
    resolved "https://registry.yarnpkg.com/buffer-equal/-/buffer-equal-0.0.1.tgz#91bc74b11ea405bc916bc6aa908faafa5b4aac4b"
  
  buffer-from@^1.0.0:
    version "1.1.1"
    resolved "https://registry.yarnpkg.com/buffer-from/-/buffer-from-1.1.1.tgz#32713bc028f75c02fdb710d7c7bcec1f2c6070ef"
  
  camelcase@^1.0.2:
    version "1.2.1"
    resolved "https://registry.yarnpkg.com/camelcase/-/camelcase-1.2.1.tgz#9bb5304d2e0b56698b2c758b08a3eaa9daa58a39"
  
  cardinal@~0.4.2:
    version "0.4.4"
    resolved "https://registry.yarnpkg.com/cardinal/-/cardinal-0.4.4.tgz#ca5bb68a5b511b90fe93b9acea49bdee5c32bfe2"
    dependencies:
      ansicolors "~0.2.1"
      redeyed "~0.4.0"
  
  center-align@^0.1.1:
    version "0.1.3"
    resolved "https://registry.yarnpkg.com/center-align/-/center-align-0.1.3.tgz#aa0d32629b6ee972200411cbd4461c907bc2b7ad"
    dependencies:
      align-text "^0.1.3"
      lazy-cache "^1.0.3"
  
  chalk@^1.1.1:
    version "1.1.3"
    resolved "http://registry.npmjs.org/chalk/-/chalk-1.1.3.tgz#a8115c55e4a702fe4d150abd3872822a7e09fc98"
    dependencies:
      ansi-styles "^2.2.1"
      escape-string-regexp "^1.0.2"
      has-ansi "^2.0.0"
      strip-ansi "^3.0.0"
      supports-color "^2.0.0"
  
  classnames@2.x, classnames@^2.2.0, classnames@^2.2.1, classnames@^2.2.3, classnames@^2.2.5, classnames@^2.2.6, classnames@~2.2.6:
    version "2.2.6"
    resolved "https://registry.yarnpkg.com/classnames/-/classnames-2.2.6.tgz#43935bffdd291f326dad0a205309b38d00f650ce"
  
  cliui@^2.1.0:
    version "2.1.0"
    resolved "https://registry.yarnpkg.com/cliui/-/cliui-2.1.0.tgz#4b475760ff80264c762c3a1719032e91c7fea0d1"
    dependencies:
      center-align "^0.1.1"
      right-align "^0.1.1"
      wordwrap "0.0.2"
  
  commander@2:
    version "2.19.0"
    resolved "https://registry.yarnpkg.com/commander/-/commander-2.19.0.tgz#f6198aa84e5b83c46054b94ddedbfed5ee9ff12a"
  
  component-classes@1.x, component-classes@^1.2.5, component-classes@^1.2.6:
    version "1.2.6"
    resolved "https://registry.yarnpkg.com/component-classes/-/component-classes-1.2.6.tgz#c642394c3618a4d8b0b8919efccbbd930e5cd691"
    dependencies:
      component-indexof "0.0.3"
  
  component-indexof@0.0.3:
    version "0.0.3"
    resolved "https://registry.yarnpkg.com/component-indexof/-/component-indexof-0.0.3.tgz#11d091312239eb8f32c8f25ae9cb002ffe8d3c24"
  
  concat-map@0.0.1:
    version "0.0.1"
    resolved "https://registry.yarnpkg.com/concat-map/-/concat-map-0.0.1.tgz#d8a96bd77fd68df7793a73036a3ba0d5405d477b"
  
  concat-stream@~1.6.0:
    version "1.6.2"
    resolved "https://registry.yarnpkg.com/concat-stream/-/concat-stream-1.6.2.tgz#904bdf194cd3122fc675c77fc4ac3d4ff0fd1a34"
    dependencies:
      buffer-from "^1.0.0"
      inherits "^2.0.3"
      readable-stream "^2.2.2"
      typedarray "^0.0.6"
  
  contour_plot@^0.0.1:
    version "0.0.1"
    resolved "https://registry.yarnpkg.com/contour_plot/-/contour_plot-0.0.1.tgz#475870f032b8e338412aa5fc507880f0bf495c77"
  
  convert-source-map@^1.5.1:
    version "1.6.0"
    resolved "https://registry.yarnpkg.com/convert-source-map/-/convert-source-map-1.6.0.tgz#51b537a8c43e0f04dec1993bffcdd504e758ac20"
    dependencies:
      safe-buffer "~5.1.1"
  
  core-js@^1.0.0:
    version "1.2.7"
    resolved "https://registry.yarnpkg.com/core-js/-/core-js-1.2.7.tgz#652294c14651db28fa93bd2d5ff2983a4f08c636"
  
  core-js@^2.4.0:
    version "2.5.7"
    resolved "https://registry.yarnpkg.com/core-js/-/core-js-2.5.7.tgz#f972608ff0cead68b841a16a932d0b183791814e"
  
  core-util-is@~1.0.0:
    version "1.0.2"
    resolved "https://registry.yarnpkg.com/core-util-is/-/core-util-is-1.0.2.tgz#b5fd54220aa2bc5ab57aab7140c940754503c1a7"
  
  create-react-class@^15.5.2, create-react-class@^15.5.3, create-react-class@^15.6.3:
    version "15.6.3"
    resolved "https://registry.yarnpkg.com/create-react-class/-/create-react-class-15.6.3.tgz#2d73237fb3f970ae6ebe011a9e66f46dbca80036"
    dependencies:
      fbjs "^0.8.9"
      loose-envify "^1.3.1"
      object-assign "^4.1.1"
  
  create-react-context@0.2.3:
    version "0.2.3"
    resolved "https://registry.yarnpkg.com/create-react-context/-/create-react-context-0.2.3.tgz#9ec140a6914a22ef04b8b09b7771de89567cb6f3"
    dependencies:
      fbjs "^0.8.0"
      gud "^1.0.0"
  
  css-animation@1.x, css-animation@^1.3.2, css-animation@^1.4.1:
    version "1.4.1"
    resolved "https://registry.yarnpkg.com/css-animation/-/css-animation-1.4.1.tgz#5b8813125de0fbbbb0bbe1b472ae84221469b7a8"
    dependencies:
      babel-runtime "6.x"
      component-classes "^1.2.5"
  
  csscolorparser@~1.0.2:
    version "1.0.3"
    resolved "https://registry.yarnpkg.com/csscolorparser/-/csscolorparser-1.0.3.tgz#b34f391eea4da8f3e98231e2ccd8df9c041f171b"
  
  csstype@^2.2.0:
    version "2.5.5"
    resolved "https://registry.yarnpkg.com/csstype/-/csstype-2.5.5.tgz#4125484a3d42189a863943f23b9e4b80fedfa106"
  
  d3-array@1, d3-array@^1.2.0, d3-array@~1.2.0:
    version "1.2.4"
    resolved "https://registry.yarnpkg.com/d3-array/-/d3-array-1.2.4.tgz#635ce4d5eea759f6f605863dbcfc30edc737f71f"
  
  d3-collection@1:
    version "1.0.7"
    resolved "https://registry.yarnpkg.com/d3-collection/-/d3-collection-1.0.7.tgz#349bd2aa9977db071091c13144d5e4f16b5b310e"
  
  d3-color@1:
    version "1.2.3"
    resolved "https://registry.yarnpkg.com/d3-color/-/d3-color-1.2.3.tgz#6c67bb2af6df3cc8d79efcc4d3a3e83e28c8048f"
  
  d3-composite-projections@~1.2.0:
    version "1.2.0"
    resolved "https://registry.yarnpkg.com/d3-composite-projections/-/d3-composite-projections-1.2.0.tgz#fa0e6f1442f17d04643843a3a883c7d94e0c27c0"
    dependencies:
      d3-geo "1.2.4"
      d3-path "^1.0.1"
  
  d3-dispatch@1:
    version "1.0.5"
    resolved "https://registry.yarnpkg.com/d3-dispatch/-/d3-dispatch-1.0.5.tgz#e25c10a186517cd6c82dd19ea018f07e01e39015"
  
  d3-dsv@~1.0.5:
    version "1.0.10"
    resolved "https://registry.yarnpkg.com/d3-dsv/-/d3-dsv-1.0.10.tgz#4371c489a2a654a297aca16fcaf605a6f31a6f51"
    dependencies:
      commander "2"
      iconv-lite "0.4"
      rw "1"
  
  d3-ease@1, d3-ease@^1.0.0, d3-ease@~1.0.3:
    version "1.0.5"
    resolved "https://registry.yarnpkg.com/d3-ease/-/d3-ease-1.0.5.tgz#8ce59276d81241b1b72042d6af2d40e76d936ffb"
  
  d3-format@1:
    version "1.3.2"
    resolved "https://registry.yarnpkg.com/d3-format/-/d3-format-1.3.2.tgz#6a96b5e31bcb98122a30863f7d92365c00603562"
  
  d3-geo-projection@~2.1.2:
    version "2.1.2"
    resolved "https://registry.yarnpkg.com/d3-geo-projection/-/d3-geo-projection-2.1.2.tgz#7df8e1e9d046d631c6509f7e531357d4adc24aa3"
    dependencies:
      commander "2"
      d3-array "1"
      d3-geo "^1.1.0"
  
  d3-geo@1.2.4:
    version "1.2.4"
    resolved "https://registry.yarnpkg.com/d3-geo/-/d3-geo-1.2.4.tgz#d179f3baa76e623ef1e0d83693db705b7c599006"
    dependencies:
      d3-array "1"
  
  d3-geo@^1.1.0:
    version "1.11.1"
    resolved "https://registry.yarnpkg.com/d3-geo/-/d3-geo-1.11.1.tgz#3f35e582c0d29296618b02a8ade0fdffb2c0e63c"
    dependencies:
      d3-array "1"
  
  d3-geo@~1.6.4:
    version "1.6.4"
    resolved "https://registry.yarnpkg.com/d3-geo/-/d3-geo-1.6.4.tgz#f20e1e461cb1845f5a8be55ab6f876542a7e3199"
    dependencies:
      d3-array "1"
  
  d3-hexjson@~1.0.1:
    version "1.0.1"
    resolved "https://registry.yarnpkg.com/d3-hexjson/-/d3-hexjson-1.0.1.tgz#6a23111e8359f1e214f5d0afa379c02b2b67df0b"
    dependencies:
      d3-array "1"
  
  d3-hierarchy@~1.1.5:
    version "1.1.8"
    resolved "https://registry.yarnpkg.com/d3-hierarchy/-/d3-hierarchy-1.1.8.tgz#7a6317bd3ed24e324641b6f1e76e978836b008cc"
  
  d3-interpolate@1, d3-interpolate@^1.1.1:
    version "1.3.2"
    resolved "https://registry.yarnpkg.com/d3-interpolate/-/d3-interpolate-1.3.2.tgz#417d3ebdeb4bc4efcc8fd4361c55e4040211fd68"
    dependencies:
      d3-color "1"
  
  d3-interpolate@~1.1.5:
    version "1.1.6"
    resolved "https://registry.yarnpkg.com/d3-interpolate/-/d3-interpolate-1.1.6.tgz#2cf395ae2381804df08aa1bf766b7f97b5f68fb6"
    dependencies:
      d3-color "1"
  
  d3-path@1, d3-path@^1.0.1:
    version "1.0.7"
    resolved "https://registry.yarnpkg.com/d3-path/-/d3-path-1.0.7.tgz#8de7cd693a75ac0b5480d3abaccd94793e58aae8"
  
  d3-sankey@~0.7.1:
    version "0.7.1"
    resolved "https://registry.yarnpkg.com/d3-sankey/-/d3-sankey-0.7.1.tgz#d229832268fc69a7fec84803e96c2256a614c521"
    dependencies:
      d3-array "1"
      d3-collection "1"
      d3-shape "^1.2.0"
  
  d3-scale@^1.0.0:
    version "1.0.7"
    resolved "https://registry.yarnpkg.com/d3-scale/-/d3-scale-1.0.7.tgz#fa90324b3ea8a776422bd0472afab0b252a0945d"
    dependencies:
      d3-array "^1.2.0"
      d3-collection "1"
      d3-color "1"
      d3-format "1"
      d3-interpolate "1"
      d3-time "1"
      d3-time-format "2"
  
  d3-selection@^1.0.2, d3-selection@^1.1.0:
    version "1.3.2"
    resolved "https://registry.yarnpkg.com/d3-selection/-/d3-selection-1.3.2.tgz#6e70a9df60801c8af28ac24d10072d82cbfdf652"
  
  d3-shape@^1.0.0, d3-shape@^1.2.0:
    version "1.2.2"
    resolved "https://registry.yarnpkg.com/d3-shape/-/d3-shape-1.2.2.tgz#f9dba3777a5825f9a8ce8bc928da08c17679e9a7"
    dependencies:
      d3-path "1"
  
  d3-time-format@2:
    version "2.1.3"
    resolved "https://registry.yarnpkg.com/d3-time-format/-/d3-time-format-2.1.3.tgz#ae06f8e0126a9d60d6364eac5b1533ae1bac826b"
    dependencies:
      d3-time "1"
  
  d3-time@1:
    version "1.0.10"
    resolved "https://registry.yarnpkg.com/d3-time/-/d3-time-1.0.10.tgz#8259dd71288d72eeacfd8de281c4bf5c7393053c"
  
  d3-timer@1, d3-timer@^1.0.0, d3-timer@~1.0.6:
    version "1.0.9"
    resolved "https://registry.yarnpkg.com/d3-timer/-/d3-timer-1.0.9.tgz#f7bb8c0d597d792ff7131e1c24a36dd471a471ba"
  
  d3-transition@^1.0.1:
    version "1.1.3"
    resolved "https://registry.yarnpkg.com/d3-transition/-/d3-transition-1.1.3.tgz#3a435b05ce9cef9524fe0d38121cfb6905331ca6"
    dependencies:
      d3-color "1"
      d3-dispatch "1"
      d3-ease "1"
      d3-interpolate "1"
      d3-selection "^1.1.0"
      d3-timer "1"
  
  d3-voronoi@^1.1.2, d3-voronoi@~1.1.2:
    version "1.1.4"
    resolved "https://registry.yarnpkg.com/d3-voronoi/-/d3-voronoi-1.1.4.tgz#dd3c78d7653d2bb359284ae478645d95944c8297"
  
  dagre@~0.8.2:
    version "0.8.2"
    resolved "https://registry.yarnpkg.com/dagre/-/dagre-0.8.2.tgz#755b79f4d5499d63cf74c3368fb08add93eceafe"
    dependencies:
      graphlib "^2.1.5"
      lodash "^4.17.4"
  
  decamelize@^1.0.0:
    version "1.2.0"
    resolved "https://registry.yarnpkg.com/decamelize/-/decamelize-1.2.0.tgz#f6534d15148269b20352e7bee26f501f9a191290"
  
  deep-equal@~1.0.1:
    version "1.0.1"
    resolved "https://registry.yarnpkg.com/deep-equal/-/deep-equal-1.0.1.tgz#f5d260292b660e084eff4cdbc9f08ad3247448b5"
  
  deep-is@~0.1.3:
    version "0.1.3"
    resolved "https://registry.yarnpkg.com/deep-is/-/deep-is-0.1.3.tgz#b369d6fb5dbc13eecf524f91b070feedc357cf34"
  
  define-properties@^1.1.2:
    version "1.1.3"
    resolved "https://registry.yarnpkg.com/define-properties/-/define-properties-1.1.3.tgz#cf88da6cbee26fe6db7094f61d870cbd84cee9f1"
    dependencies:
      object-keys "^1.0.12"
  
  defined@~1.0.0:
    version "1.0.0"
    resolved "https://registry.yarnpkg.com/defined/-/defined-1.0.0.tgz#c98d9bcef75674188e110969151199e39b1fa693"
  
  dom-align@^1.7.0:
    version "1.8.0"
    resolved "https://registry.yarnpkg.com/dom-align/-/dom-align-1.8.0.tgz#c0e89b5b674c6e836cd248c52c2992135f093654"
  
  dom-closest@^0.2.0:
    version "0.2.0"
    resolved "https://registry.yarnpkg.com/dom-closest/-/dom-closest-0.2.0.tgz#ebd9f91d1bf22e8d6f477876bbcd3ec90216c0cf"
    dependencies:
      dom-matches ">=1.0.1"
  
  dom-matches@>=1.0.1:
    version "2.0.0"
    resolved "https://registry.yarnpkg.com/dom-matches/-/dom-matches-2.0.0.tgz#d2728b416a87533980eb089b848d253cf23a758c"
  
  dom-scroll-into-view@1.x, dom-scroll-into-view@^1.2.0:
    version "1.2.1"
    resolved "https://registry.yarnpkg.com/dom-scroll-into-view/-/dom-scroll-into-view-1.2.1.tgz#e8f36732dd089b0201a88d7815dc3f88e6d66c7e"
  
  draft-js@0.10.4:
    version "0.10.4"
    resolved "https://registry.yarnpkg.com/draft-js/-/draft-js-0.10.4.tgz#147741642097c8120d8edc232e9503e8b7fb8d35"
    dependencies:
      fbjs "^0.8.15"
      immutable "~3.7.4"
      object-assign "^4.1.0"
  
  draft-js@^0.10.0, draft-js@~0.10.0:
    version "0.10.5"
    resolved "https://registry.yarnpkg.com/draft-js/-/draft-js-0.10.5.tgz#bfa9beb018fe0533dbb08d6675c371a6b08fa742"
    dependencies:
      fbjs "^0.8.15"
      immutable "~3.7.4"
      object-assign "^4.1.0"
  
  duplexer2@~0.1.4:
    version "0.1.4"
    resolved "https://registry.yarnpkg.com/duplexer2/-/duplexer2-0.1.4.tgz#8b12dab878c0d69e3e7891051662a32fc6bddcc1"
    dependencies:
      readable-stream "^2.0.2"
  
  earcut@^2.1.3:
    version "2.1.3"
    resolved "https://registry.yarnpkg.com/earcut/-/earcut-2.1.3.tgz#ca579545f351941af7c3d0df49c9f7d34af99b0c"
  
  encoding@^0.1.11:
    version "0.1.12"
    resolved "https://registry.yarnpkg.com/encoding/-/encoding-0.1.12.tgz#538b66f3ee62cd1ab51ec323829d1f9480c74beb"
    dependencies:
      iconv-lite "~0.4.13"
  
  enquire.js@^2.1.6:
    version "2.1.6"
    resolved "https://registry.yarnpkg.com/enquire.js/-/enquire.js-2.1.6.tgz#3e8780c9b8b835084c3f60e166dbc3c2a3c89814"
  
  es-abstract@^1.5.0:
    version "1.12.0"
    resolved "https://registry.yarnpkg.com/es-abstract/-/es-abstract-1.12.0.tgz#9dbbdd27c6856f0001421ca18782d786bf8a6165"
    dependencies:
      es-to-primitive "^1.1.1"
      function-bind "^1.1.1"
      has "^1.0.1"
      is-callable "^1.1.3"
      is-regex "^1.0.4"
  
  es-to-primitive@^1.1.1:
    version "1.2.0"
    resolved "https://registry.yarnpkg.com/es-to-primitive/-/es-to-primitive-1.2.0.tgz#edf72478033456e8dda8ef09e00ad9650707f377"
    dependencies:
      is-callable "^1.1.4"
      is-date-object "^1.0.1"
      is-symbol "^1.0.2"
  
  escape-string-regexp@^1.0.2:
    version "1.0.5"
    resolved "https://registry.yarnpkg.com/escape-string-regexp/-/escape-string-regexp-1.0.5.tgz#1b61c0562190a8dff6ae3bb2cf0200ca130b86d4"
  
  escodegen@^1.8.1:
    version "1.11.0"
    resolved "https://registry.yarnpkg.com/escodegen/-/escodegen-1.11.0.tgz#b27a9389481d5bfd5bec76f7bb1eb3f8f4556589"
    dependencies:
      esprima "^3.1.3"
      estraverse "^4.2.0"
      esutils "^2.0.2"
      optionator "^0.8.1"
    optionalDependencies:
      source-map "~0.6.1"
  
  escodegen@~1.9.0:
    version "1.9.1"
    resolved "https://registry.yarnpkg.com/escodegen/-/escodegen-1.9.1.tgz#dbae17ef96c8e4bedb1356f4504fa4cc2f7cb7e2"
    dependencies:
      esprima "^3.1.3"
      estraverse "^4.2.0"
      esutils "^2.0.2"
      optionator "^0.8.1"
    optionalDependencies:
      source-map "~0.6.1"
  
  esprima@^3.1.3:
    version "3.1.3"
    resolved "https://registry.yarnpkg.com/esprima/-/esprima-3.1.3.tgz#fdca51cee6133895e3c88d535ce49dbff62a4633"
  
  esprima@~1.0.4:
    version "1.0.4"
    resolved "https://registry.yarnpkg.com/esprima/-/esprima-1.0.4.tgz#9f557e08fc3b4d26ece9dd34f8fbf476b62585ad"
  
  estraverse@^4.2.0:
    version "4.2.0"
    resolved "https://registry.yarnpkg.com/estraverse/-/estraverse-4.2.0.tgz#0dee3fed31fcd469618ce7342099fc1afa0bdb13"
  
  esutils@^2.0.2:
    version "2.0.2"
    resolved "https://registry.yarnpkg.com/esutils/-/esutils-2.0.2.tgz#0abf4f1caa5bcb1f7a9d8acc6dea4faaa04bac9b"
  
  eventemitter3@^3.1.0:
    version "3.1.0"
    resolved "https://registry.yarnpkg.com/eventemitter3/-/eventemitter3-3.1.0.tgz#090b4d6cdbd645ed10bf750d4b5407942d7ba163"
  
  eventlistener@0.0.1:
    version "0.0.1"
    resolved "https://registry.yarnpkg.com/eventlistener/-/eventlistener-0.0.1.tgz#ed2baabb852227af2bcf889152c72c63ca532eb8"
  
  expect.js@~0.2.0:
    version "0.2.0"
    resolved "https://registry.yarnpkg.com/expect.js/-/expect.js-0.2.0.tgz#1028533d2c1c363f74a6796ff57ec0520ded2be1"
  
  falafel@^2.1.0:
    version "2.1.0"
    resolved "https://registry.yarnpkg.com/falafel/-/falafel-2.1.0.tgz#96bb17761daba94f46d001738b3cedf3a67fe06c"
    dependencies:
      acorn "^5.0.0"
      foreach "^2.0.5"
      isarray "0.0.1"
      object-keys "^1.0.6"
  
  fast-levenshtein@~2.0.4:
    version "2.0.6"
    resolved "https://registry.yarnpkg.com/fast-levenshtein/-/fast-levenshtein-2.0.6.tgz#3d8a5c66883a16a30ca8643e851f19baa7797917"
  
  fbjs@^0.8.0, fbjs@^0.8.15, fbjs@^0.8.16, fbjs@^0.8.9:
    version "0.8.17"
    resolved "https://registry.yarnpkg.com/fbjs/-/fbjs-0.8.17.tgz#c4d598ead6949112653d6588b01a5cdcd9f90fdd"
    dependencies:
      core-js "^1.0.0"
      isomorphic-fetch "^2.1.1"
      loose-envify "^1.0.0"
      object-assign "^4.1.0"
      promise "^7.1.1"
      setimmediate "^1.0.5"
      ua-parser-js "^0.7.18"
  
  fecha@~2.3.3:
    version "2.3.3"
    resolved "https://registry.yarnpkg.com/fecha/-/fecha-2.3.3.tgz#948e74157df1a32fd1b12c3a3c3cdcb6ec9d96cd"
  
  fmin@0.0.2:
    version "0.0.2"
    resolved "https://registry.yarnpkg.com/fmin/-/fmin-0.0.2.tgz#59bbb40d43ffdc1c94cd00a568c41f95f1973017"
    dependencies:
      contour_plot "^0.0.1"
      json2module "^0.0.3"
      rollup "^0.25.8"
      tape "^4.5.1"
      uglify-js "^2.6.2"
  
  for-each@~0.3.3:
    version "0.3.3"
    resolved "https://registry.yarnpkg.com/for-each/-/for-each-0.3.3.tgz#69b447e88a0a5d32c3e7084f3f1710034b21376e"
    dependencies:
      is-callable "^1.1.3"
  
  foreach@^2.0.5:
    version "2.0.5"
    resolved "https://registry.yarnpkg.com/foreach/-/foreach-2.0.5.tgz#0bee005018aeb260d0a3af3ae658dd0136ec1b99"
  
  framer@^0.9.0:
    version "0.9.0"
    resolved "https://registry.yarnpkg.com/framer/-/framer-0.9.0.tgz#9852ffe5fc6972ff6682591538760688f398e964"
    dependencies:
      draft-js "0.10.4"
      eventemitter3 "^3.1.0"
      hsluv "^0.0.3"
      immutable "^3.8.2"
  
  fs.realpath@^1.0.0:
    version "1.0.0"
    resolved "https://registry.yarnpkg.com/fs.realpath/-/fs.realpath-1.0.0.tgz#1504ad2523158caa40db4a2787cb01411994ea4f"
  
  function-bind@^1.0.2, function-bind@^1.1.1, function-bind@~1.1.1:
    version "1.1.1"
    resolved "https://registry.yarnpkg.com/function-bind/-/function-bind-1.1.1.tgz#a56899d3ea3c9bab874bb9773b7c5ede92f4895d"
  
  geojson-rewind@^0.3.0:
    version "0.3.1"
    resolved "https://registry.yarnpkg.com/geojson-rewind/-/geojson-rewind-0.3.1.tgz#22240797c847cc2f0c1d313e4aa0c915afa7f29d"
    dependencies:
      "@mapbox/geojson-area" "0.2.2"
      concat-stream "~1.6.0"
      minimist "1.2.0"
      sharkdown "^0.1.0"
  
  geojson-vt@^3.2.0:
    version "3.2.0"
    resolved "https://registry.yarnpkg.com/geojson-vt/-/geojson-vt-3.2.0.tgz#039cea549df5f892c48cff8eb66c2e217d61c241"
  
  gl-mat3@^1.0.0:
    version "1.0.0"
    resolved "https://registry.yarnpkg.com/gl-mat3/-/gl-mat3-1.0.0.tgz#89633219ca429379a16b9185d95d41713453b912"
  
  gl-mat4@^1.1.4:
    version "1.2.0"
    resolved "https://registry.yarnpkg.com/gl-mat4/-/gl-mat4-1.2.0.tgz#49d8a7636b70aa00819216635f4a3fd3f4669b26"
  
  gl-matrix@^2.6.1:
    version "2.8.1"
    resolved "https://registry.yarnpkg.com/gl-matrix/-/gl-matrix-2.8.1.tgz#1c7873448eac61d2cd25803a074e837bd42581a3"
  
  gl-quat@^1.0.0:
    version "1.0.0"
    resolved "https://registry.yarnpkg.com/gl-quat/-/gl-quat-1.0.0.tgz#0945ec923386f45329be5dc357b1c8c2d47586c5"
    dependencies:
      gl-mat3 "^1.0.0"
      gl-vec3 "^1.0.3"
      gl-vec4 "^1.0.0"
  
  gl-vec2@^1.0.0:
    version "1.3.0"
    resolved "https://registry.yarnpkg.com/gl-vec2/-/gl-vec2-1.3.0.tgz#83d472ed46034de8e09cbc857123fb6c81c51199"
  
  gl-vec3@^1.0.3:
    version "1.1.3"
    resolved "https://registry.yarnpkg.com/gl-vec3/-/gl-vec3-1.1.3.tgz#a47c62f918774a06cbed1b65bcd0288ecbb03826"
  
  gl-vec4@^1.0.0, gl-vec4@^1.0.1:
    version "1.0.1"
    resolved "https://registry.yarnpkg.com/gl-vec4/-/gl-vec4-1.0.1.tgz#97d96878281b14b532cbce101785dfd1cb340964"
  
  glob@~7.1.2:
    version "7.1.3"
    resolved "https://registry.yarnpkg.com/glob/-/glob-7.1.3.tgz#3960832d3f1574108342dafd3a67b332c0969df1"
    dependencies:
      fs.realpath "^1.0.0"
      inflight "^1.0.4"
      inherits "2"
      minimatch "^3.0.4"
      once "^1.3.0"
      path-is-absolute "^1.0.0"
  
  graphlib@^2.1.5:
    version "2.1.5"
    resolved "https://registry.yarnpkg.com/graphlib/-/graphlib-2.1.5.tgz#6afe1afcc5148555ec799e499056795bd6938c87"
    dependencies:
      lodash "^4.11.1"
  
  grid-index@^1.0.0:
    version "1.0.0"
    resolved "https://registry.yarnpkg.com/grid-index/-/grid-index-1.0.0.tgz#ad2c5d54ce5b35437faff1d70a9aeb3d1d261110"
  
  gud@^1.0.0:
    version "1.0.0"
    resolved "https://registry.yarnpkg.com/gud/-/gud-1.0.0.tgz#a489581b17e6a70beca9abe3ae57de7a499852c0"
  
  hammerjs@^2.0.8:
    version "2.0.8"
    resolved "https://registry.yarnpkg.com/hammerjs/-/hammerjs-2.0.8.tgz#04ef77862cff2bb79d30f7692095930222bf60f1"
  
  has-ansi@^2.0.0:
    version "2.0.0"
    resolved "https://registry.yarnpkg.com/has-ansi/-/has-ansi-2.0.0.tgz#34f5049ce1ecdf2b0649af3ef24e45ed35416d91"
    dependencies:
      ansi-regex "^2.0.0"
  
  has-symbols@^1.0.0:
    version "1.0.0"
    resolved "https://registry.yarnpkg.com/has-symbols/-/has-symbols-1.0.0.tgz#ba1a8f1af2a0fc39650f5c850367704122063b44"
  
  has@^1.0.1, has@~1.0.3:
    version "1.0.3"
    resolved "https://registry.yarnpkg.com/has/-/has-1.0.3.tgz#722d7cbfc1f6aa8241f16dd814e011e1f41e8796"
    dependencies:
      function-bind "^1.1.1"
  
  hoist-non-react-statics@^2.3.1:
    version "2.5.5"
    resolved "https://registry.yarnpkg.com/hoist-non-react-statics/-/hoist-non-react-statics-2.5.5.tgz#c5903cf409c0dfd908f388e619d86b9c1174cb47"
  
  hsluv@^0.0.3:
    version "0.0.3"
    resolved "https://registry.yarnpkg.com/hsluv/-/hsluv-0.0.3.tgz#829107dafb4a9f8b52a1809ed02e091eade6754c"
  
  iconv-lite@0.4, iconv-lite@~0.4.13:
    version "0.4.24"
    resolved "https://registry.yarnpkg.com/iconv-lite/-/iconv-lite-0.4.24.tgz#2022b4b25fbddc21d2f524974a474aafe733908b"
    dependencies:
      safer-buffer ">= 2.1.2 < 3"
  
  ieee754@^1.1.6:
    version "1.1.12"
    resolved "https://registry.yarnpkg.com/ieee754/-/ieee754-1.1.12.tgz#50bf24e5b9c8bb98af4964c941cdb0918da7b60b"
  
  immutable@^3.7.4, immutable@^3.8.2:
    version "3.8.2"
    resolved "https://registry.yarnpkg.com/immutable/-/immutable-3.8.2.tgz#c2439951455bb39913daf281376f1530e104adf3"
  
  immutable@~3.7.4:
    version "3.7.6"
    resolved "https://registry.yarnpkg.com/immutable/-/immutable-3.7.6.tgz#13b4d3cb12befa15482a26fe1b2ebae640071e4b"
  
  inflight@^1.0.4:
    version "1.0.6"
    resolved "https://registry.yarnpkg.com/inflight/-/inflight-1.0.6.tgz#49bd6331d7d02d0c09bc910a1075ba8165b56df9"
    dependencies:
      once "^1.3.0"
      wrappy "1"
  
  inherits@2, inherits@^2.0.3, inherits@~2.0.1, inherits@~2.0.3:
    version "2.0.3"
    resolved "https://registry.yarnpkg.com/inherits/-/inherits-2.0.3.tgz#633c2c83e3da42a502f52466022480f4208261de"
  
  intersperse@^1.0.0:
    version "1.0.0"
    resolved "https://registry.yarnpkg.com/intersperse/-/intersperse-1.0.0.tgz#f2561fb1cfef9f5277cc3347a22886b4351a5181"
  
  invariant@^2.2.2:
    version "2.2.4"
    resolved "https://registry.yarnpkg.com/invariant/-/invariant-2.2.4.tgz#610f3c92c9359ce1db616e538008d23ff35158e6"
    dependencies:
      loose-envify "^1.0.0"
  
  is-buffer@^1.1.5:
    version "1.1.6"
    resolved "https://registry.yarnpkg.com/is-buffer/-/is-buffer-1.1.6.tgz#efaa2ea9daa0d7ab2ea13a97b2b8ad51fefbe8be"
  
  is-callable@^1.1.3, is-callable@^1.1.4:
    version "1.1.4"
    resolved "https://registry.yarnpkg.com/is-callable/-/is-callable-1.1.4.tgz#1e1adf219e1eeb684d691f9d6a05ff0d30a24d75"
  
  is-date-object@^1.0.1:
    version "1.0.1"
    resolved "https://registry.yarnpkg.com/is-date-object/-/is-date-object-1.0.1.tgz#9aa20eb6aeebbff77fbd33e74ca01b33581d3a16"
  
  is-negative-zero@^2.0.0:
    version "2.0.0"
    resolved "https://registry.yarnpkg.com/is-negative-zero/-/is-negative-zero-2.0.0.tgz#9553b121b0fac28869da9ed459e20c7543788461"
  
  is-regex@^1.0.4:
    version "1.0.4"
    resolved "https://registry.yarnpkg.com/is-regex/-/is-regex-1.0.4.tgz#5517489b547091b0930e095654ced25ee97e9491"
    dependencies:
      has "^1.0.1"
  
  is-stream@^1.0.1:
    version "1.1.0"
    resolved "https://registry.yarnpkg.com/is-stream/-/is-stream-1.1.0.tgz#12d4a3dd4e68e0b79ceb8dbc84173ae80d91ca44"
  
  is-symbol@^1.0.2:
    version "1.0.2"
    resolved "https://registry.yarnpkg.com/is-symbol/-/is-symbol-1.0.2.tgz#a055f6ae57192caee329e7a860118b497a950f38"
    dependencies:
      has-symbols "^1.0.0"
  
  isarray@0.0.1, isarray@~0.0.1:
    version "0.0.1"
    resolved "https://registry.yarnpkg.com/isarray/-/isarray-0.0.1.tgz#8a18acfca9a8f4177e09abfc6038939b05d1eedf"
  
  isarray@~1.0.0:
    version "1.0.0"
    resolved "https://registry.yarnpkg.com/isarray/-/isarray-1.0.0.tgz#bb935d48582cba168c06834957a54a3e07124f11"
  
  isomorphic-fetch@^2.1.1:
    version "2.2.1"
    resolved "https://registry.yarnpkg.com/isomorphic-fetch/-/isomorphic-fetch-2.2.1.tgz#611ae1acf14f5e81f729507472819fe9733558a9"
    dependencies:
      node-fetch "^1.0.1"
      whatwg-fetch ">=0.10.0"
  
  "js-tokens@^3.0.0 || ^4.0.0":
    version "4.0.0"
    resolved "https://registry.yarnpkg.com/js-tokens/-/js-tokens-4.0.0.tgz#19203fb59991df98e3a287050d4647cdeaf32499"
  
  json2module@^0.0.3:
    version "0.0.3"
    resolved "https://registry.yarnpkg.com/json2module/-/json2module-0.0.3.tgz#00fb5f4a9b7adfc3f0647c29cb17bcd1979be9b2"
    dependencies:
      rw "^1.3.2"
  
  json2mq@^0.2.0:
    version "0.2.0"
    resolved "https://registry.yarnpkg.com/json2mq/-/json2mq-0.2.0.tgz#b637bd3ba9eabe122c83e9720483aeb10d2c904a"
    dependencies:
      string-convert "^0.2.0"
  
  json@^9.0.6:
    version "9.0.6"
    resolved "https://registry.yarnpkg.com/json/-/json-9.0.6.tgz#7972c2a5a48a42678db2730c7c2c4ee6e4e24585"
  
  kdbush@^2.0.1:
    version "2.0.1"
    resolved "https://registry.yarnpkg.com/kdbush/-/kdbush-2.0.1.tgz#90c6128e3001ac68c550d7c9e2f222c0269666f1"
  
  kind-of@^3.0.2:
    version "3.2.2"
    resolved "https://registry.yarnpkg.com/kind-of/-/kind-of-3.2.2.tgz#31ea21a734bab9bbb0f32466d893aea51e4a3c64"
    dependencies:
      is-buffer "^1.1.5"
  
  lazy-cache@^1.0.3:
    version "1.0.4"
    resolved "https://registry.yarnpkg.com/lazy-cache/-/lazy-cache-1.0.4.tgz#a1d78fc3a50474cb80845d3b3b6e1da49a446e8e"
  
  levn@~0.3.0:
    version "0.3.0"
    resolved "https://registry.yarnpkg.com/levn/-/levn-0.3.0.tgz#3b09924edf9f083c0490fdd4c0bc4421e04764ee"
    dependencies:
      prelude-ls "~1.1.2"
      type-check "~0.3.2"
  
  lodash._getnative@^3.0.0:
    version "3.9.1"
    resolved "https://registry.yarnpkg.com/lodash._getnative/-/lodash._getnative-3.9.1.tgz#570bc7dede46d61cdcde687d65d3eecbaa3aaff5"
  
  lodash.debounce@^4.0.0, lodash.debounce@^4.0.8:
    version "4.0.8"
    resolved "https://registry.yarnpkg.com/lodash.debounce/-/lodash.debounce-4.0.8.tgz#82d79bff30a67c4005ffd5e2515300ad9ca4d7af"
  
  lodash.isarguments@^3.0.0:
    version "3.1.0"
    resolved "https://registry.yarnpkg.com/lodash.isarguments/-/lodash.isarguments-3.1.0.tgz#2f573d85c6a24289ff00663b491c1d338ff3458a"
  
  lodash.isarray@^3.0.0:
    version "3.0.4"
    resolved "https://registry.yarnpkg.com/lodash.isarray/-/lodash.isarray-3.0.4.tgz#79e4eb88c36a8122af86f844aa9bcd851b5fbb55"
  
  lodash.keys@^3.1.2:
    version "3.1.2"
    resolved "https://registry.yarnpkg.com/lodash.keys/-/lodash.keys-3.1.2.tgz#4dbc0472b156be50a0b286855d1bd0b0c656098a"
    dependencies:
      lodash._getnative "^3.0.0"
      lodash.isarguments "^3.0.0"
      lodash.isarray "^3.0.0"
  
  lodash.throttle@^4.0.0:
    version "4.1.1"
    resolved "https://registry.yarnpkg.com/lodash.throttle/-/lodash.throttle-4.1.1.tgz#c23e91b710242ac70c37f1e1cda9274cc39bf2f4"
  
  lodash@^4.11.1, lodash@^4.16.5, lodash@^4.17.11, lodash@^4.17.4, lodash@^4.17.5:
    version "4.17.11"
    resolved "https://registry.yarnpkg.com/lodash/-/lodash-4.17.11.tgz#b39ea6229ef607ecd89e2c8df12536891cac9b8d"
  
  longest@^1.0.1:
    version "1.0.1"
    resolved "https://registry.yarnpkg.com/longest/-/longest-1.0.1.tgz#30a0b2da38f73770e8294a0d22e6625ed77d0097"
  
  loose-envify@^1.0.0, loose-envify@^1.1.0, loose-envify@^1.3.1:
    version "1.4.0"
    resolved "https://registry.yarnpkg.com/loose-envify/-/loose-envify-1.4.0.tgz#71ee51fa7be4caec1a63839f7e682d8132d30caf"
    dependencies:
      js-tokens "^3.0.0 || ^4.0.0"
  
  magic-string@^0.22.4:
    version "0.22.5"
    resolved "http://registry.npmjs.org/magic-string/-/magic-string-0.22.5.tgz#8e9cf5afddf44385c1da5bc2a6a0dbd10b03657e"
    dependencies:
      vlq "^0.2.2"
  
  mapbox-gl@~0.50.0:
    version "0.50.0"
    resolved "https://registry.yarnpkg.com/mapbox-gl/-/mapbox-gl-0.50.0.tgz#49f44149f02fdd25ab64a2ec4efc7a11a5c96f55"
    dependencies:
      "@mapbox/geojson-types" "^1.0.2"
      "@mapbox/jsonlint-lines-primitives" "^2.0.2"
      "@mapbox/mapbox-gl-supported" "^1.4.0"
      "@mapbox/point-geometry" "^0.1.0"
      "@mapbox/tiny-sdf" "^1.1.0"
      "@mapbox/unitbezier" "^0.0.0"
      "@mapbox/vector-tile" "^1.3.1"
      "@mapbox/whoots-js" "^3.1.0"
      brfs "^1.4.4"
      csscolorparser "~1.0.2"
      earcut "^2.1.3"
      geojson-rewind "^0.3.0"
      geojson-vt "^3.2.0"
      gl-matrix "^2.6.1"
      grid-index "^1.0.0"
      minimist "0.0.8"
      murmurhash-js "^1.0.0"
      pbf "^3.0.5"
      potpack "^1.0.1"
      quickselect "^1.0.0"
      rw "^1.3.3"
      supercluster "^4.1.1"
      tinyqueue "^1.1.0"
      vt-pbf "^3.0.1"
  
  math.gl@^2.0.0, math.gl@^2.1.0:
    version "2.2.0"
    resolved "https://registry.yarnpkg.com/math.gl/-/math.gl-2.2.0.tgz#301dcda760ae235f5fdf471dd67ef2aa8c74d659"
    dependencies:
      "@babel/runtime" "^7.0.0"
      gl-mat3 "^1.0.0"
      gl-mat4 "^1.1.4"
      gl-quat "^1.0.0"
      gl-vec2 "^1.0.0"
      gl-vec3 "^1.0.3"
      gl-vec4 "^1.0.1"
  
  merge-source-map@1.0.4:
    version "1.0.4"
    resolved "https://registry.yarnpkg.com/merge-source-map/-/merge-source-map-1.0.4.tgz#a5de46538dae84d4114cc5ea02b4772a6346701f"
    dependencies:
      source-map "^0.5.6"
  
  mini-store@^2.0.0:
    version "2.0.0"
    resolved "https://registry.yarnpkg.com/mini-store/-/mini-store-2.0.0.tgz#0843c048d6942ce55e3e78b1b67fc063022b5488"
    dependencies:
      hoist-non-react-statics "^2.3.1"
      prop-types "^15.6.0"
      react-lifecycles-compat "^3.0.4"
      shallowequal "^1.0.2"
  
  minimatch@^3.0.4:
    version "3.0.4"
    resolved "https://registry.yarnpkg.com/minimatch/-/minimatch-3.0.4.tgz#5166e286457f03306064be5497e8dbb0c3d32083"
    dependencies:
      brace-expansion "^1.1.7"
  
  minimist@0.0.5:
    version "0.0.5"
    resolved "http://registry.npmjs.org/minimist/-/minimist-0.0.5.tgz#d7aa327bcecf518f9106ac6b8f003fa3bcea8566"
  
  minimist@0.0.8:
    version "0.0.8"
    resolved "http://registry.npmjs.org/minimist/-/minimist-0.0.8.tgz#857fcabfc3397d2625b8228262e86aa7a011b05d"
  
  minimist@1.2.0, minimist@^1.1.3, minimist@^1.2.0, minimist@~1.2.0:
    version "1.2.0"
    resolved "http://registry.npmjs.org/minimist/-/minimist-1.2.0.tgz#a35008b20f41383eec1fb914f4cd5df79a264284"
  
  mjolnir.js@^1.2.1:
    version "1.2.2"
    resolved "https://registry.yarnpkg.com/mjolnir.js/-/mjolnir.js-1.2.2.tgz#65938d6b443fed5b5c65456e6c934b01fece3610"
    dependencies:
      hammerjs "^2.0.8"
  
  moment@2.x, moment@^2.22.2:
    version "2.22.2"
    resolved "https://registry.yarnpkg.com/moment/-/moment-2.22.2.tgz#3c257f9839fc0e93ff53149632239eb90783ff66"
  
  murmurhash-js@^1.0.0:
    version "1.0.0"
    resolved "https://registry.yarnpkg.com/murmurhash-js/-/murmurhash-js-1.0.0.tgz#b06278e21fc6c37fa5313732b0412bcb6ae15f51"
  
  mutationobserver-shim@^0.3.2:
    version "0.3.2"
    resolved "https://registry.yarnpkg.com/mutationobserver-shim/-/mutationobserver-shim-0.3.2.tgz#f4d5dae7a4971a2207914fb5a90ebd514b65acca"
  
  node-fetch@^1.0.1:
    version "1.7.3"
    resolved "https://registry.yarnpkg.com/node-fetch/-/node-fetch-1.7.3.tgz#980f6f72d85211a5347c6b2bc18c5b84c3eb47ef"
    dependencies:
      encoding "^0.1.11"
      is-stream "^1.0.1"
  
  object-assign@4.x, object-assign@^4.1.0, object-assign@^4.1.1:
    version "4.1.1"
    resolved "https://registry.yarnpkg.com/object-assign/-/object-assign-4.1.1.tgz#2109adc7965887cfc05cbbd442cac8bfbb360863"
  
  object-inspect@~1.4.0:
    version "1.4.1"
    resolved "https://registry.yarnpkg.com/object-inspect/-/object-inspect-1.4.1.tgz#37ffb10e71adaf3748d05f713b4c9452f402cbc4"
  
  object-inspect@~1.6.0:
    version "1.6.0"
    resolved "https://registry.yarnpkg.com/object-inspect/-/object-inspect-1.6.0.tgz#c70b6cbf72f274aab4c34c0c82f5167bf82cf15b"
  
  object-keys@^1.0.12, object-keys@^1.0.6:
    version "1.0.12"
    resolved "https://registry.yarnpkg.com/object-keys/-/object-keys-1.0.12.tgz#09c53855377575310cca62f55bb334abff7b3ed2"
  
  omit.js@^1.0.0:
    version "1.0.0"
    resolved "https://registry.yarnpkg.com/omit.js/-/omit.js-1.0.0.tgz#e013cb86a7517b9cf6f7cfb0ddb4297256a99288"
    dependencies:
      babel-runtime "^6.23.0"
  
  once@^1.3.0:
    version "1.4.0"
    resolved "https://registry.yarnpkg.com/once/-/once-1.4.0.tgz#583b1aa775961d4b113ac17d9c50baef9dd76bd1"
    dependencies:
      wrappy "1"
  
  optionator@^0.8.1:
    version "0.8.2"
    resolved "https://registry.yarnpkg.com/optionator/-/optionator-0.8.2.tgz#364c5e409d3f4d6301d6c0b4c05bba50180aeb64"
    dependencies:
      deep-is "~0.1.3"
      fast-levenshtein "~2.0.4"
      levn "~0.3.0"
      prelude-ls "~1.1.2"
      type-check "~0.3.2"
      wordwrap "~1.0.0"
  
  parse-svg-path@~0.1.1:
    version "0.1.2"
    resolved "https://registry.yarnpkg.com/parse-svg-path/-/parse-svg-path-0.1.2.tgz#7a7ec0d1eb06fa5325c7d3e009b859a09b5d49eb"
  
  path-is-absolute@^1.0.0:
    version "1.0.1"
    resolved "https://registry.yarnpkg.com/path-is-absolute/-/path-is-absolute-1.0.1.tgz#174b9268735534ffbc7ace6bf53a5a9e1b5c5f5f"
  
  path-parse@^1.0.5:
    version "1.0.6"
    resolved "https://registry.yarnpkg.com/path-parse/-/path-parse-1.0.6.tgz#d62dbb5679405d72c4737ec58600e9ddcf06d24c"
  
  pbf@^3.0.5:
    version "3.1.0"
    resolved "https://registry.yarnpkg.com/pbf/-/pbf-3.1.0.tgz#f70004badcb281761eabb1e76c92f179f08189e9"
    dependencies:
      ieee754 "^1.1.6"
      resolve-protobuf-schema "^2.0.0"
  
  performance-now@^2.1.0:
    version "2.1.0"
    resolved "https://registry.yarnpkg.com/performance-now/-/performance-now-2.1.0.tgz#6309f4e0e5fa913ec1c69307ae364b4b377c9e7b"
  
  point-at-length@~1.0.2:
    version "1.0.2"
    resolved "https://registry.yarnpkg.com/point-at-length/-/point-at-length-1.0.2.tgz#9176d8d6d7c8162f12b646f707db9f0ea728125e"
    dependencies:
      abs-svg-path "~0.1.1"
      isarray "~0.0.1"
      parse-svg-path "~0.1.1"
  
  popper.js@^0.6.4:
    version "0.6.4"
    resolved "https://registry.yarnpkg.com/popper.js/-/popper.js-0.6.4.tgz#1837c4760af54d2bb20b66f9c09b92993d84c629"
  
  potpack@^1.0.1:
    version "1.0.1"
    resolved "https://registry.yarnpkg.com/potpack/-/potpack-1.0.1.tgz#d1b1afd89e4c8f7762865ec30bd112ab767e2ebf"
  
  prelude-ls@~1.1.2:
    version "1.1.2"
    resolved "https://registry.yarnpkg.com/prelude-ls/-/prelude-ls-1.1.2.tgz#21932a549f5e52ffd9a827f570e04be62a97da54"
  
  process-nextick-args@~2.0.0:
    version "2.0.0"
    resolved "https://registry.yarnpkg.com/process-nextick-args/-/process-nextick-args-2.0.0.tgz#a37d732f4271b4ab1ad070d35508e8290788ffaa"
  
  promise@^7.1.1:
    version "7.3.1"
    resolved "https://registry.yarnpkg.com/promise/-/promise-7.3.1.tgz#064b72602b18f90f29192b8b1bc418ffd1ebd3bf"
    dependencies:
      asap "~2.0.3"
  
  prop-types@15.x, prop-types@^15.5.0, prop-types@^15.5.10, prop-types@^15.5.4, prop-types@^15.5.6, prop-types@^15.5.7, prop-types@^15.5.8, prop-types@^15.5.9, prop-types@^15.6.0, prop-types@^15.6.2:
    version "15.6.2"
    resolved "https://registry.yarnpkg.com/prop-types/-/prop-types-15.6.2.tgz#05d5ca77b4453e985d60fc7ff8c859094a497102"
    dependencies:
      loose-envify "^1.3.1"
      object-assign "^4.1.1"
  
  protocol-buffers-schema@^3.3.1:
    version "3.3.2"
    resolved "https://registry.yarnpkg.com/protocol-buffers-schema/-/protocol-buffers-schema-3.3.2.tgz#00434f608b4e8df54c59e070efeefc37fb4bb859"
  
  quickselect@^1.0.0:
    version "1.1.1"
    resolved "https://registry.yarnpkg.com/quickselect/-/quickselect-1.1.1.tgz#852e412ce418f237ad5b660d70cffac647ae94c2"
  
  quote-stream@^1.0.1, quote-stream@~1.0.2:
    version "1.0.2"
    resolved "https://registry.yarnpkg.com/quote-stream/-/quote-stream-1.0.2.tgz#84963f8c9c26b942e153feeb53aae74652b7e0b2"
    dependencies:
      buffer-equal "0.0.1"
      minimist "^1.1.3"
      through2 "^2.0.0"
  
  raf@^3.4.0:
    version "3.4.0"
    resolved "https://registry.yarnpkg.com/raf/-/raf-3.4.0.tgz#a28876881b4bc2ca9117d4138163ddb80f781575"
    dependencies:
      performance-now "^2.1.0"
  
  rc-align@^2.4.0, rc-align@^2.4.1:
    version "2.4.3"
    resolved "https://registry.yarnpkg.com/rc-align/-/rc-align-2.4.3.tgz#b9b3c2a6d68adae71a8e1d041cd5e3b2a655f99a"
    dependencies:
      babel-runtime "^6.26.0"
      dom-align "^1.7.0"
      prop-types "^15.5.8"
      rc-util "^4.0.4"
  
  rc-animate@2.x, rc-animate@^2.3.0, rc-animate@^2.5.4:
    version "2.5.4"
    resolved "https://registry.yarnpkg.com/rc-animate/-/rc-animate-2.5.4.tgz#3b308c42e137a2e3fb578650fdb145c2100fcc35"
    dependencies:
      babel-runtime "6.x"
      classnames "^2.2.6"
      css-animation "^1.3.2"
      prop-types "15.x"
      raf "^3.4.0"
      react-lifecycles-compat "^3.0.4"
  
  rc-animate@^3.0.0-rc.1, rc-animate@^3.0.0-rc.4, rc-animate@^3.0.0-rc.5:
    version "3.0.0-rc.6"
    resolved "https://registry.yarnpkg.com/rc-animate/-/rc-animate-3.0.0-rc.6.tgz#04288eefa118e0cae214536c8a903ffaac1bc3fb"
    dependencies:
      babel-runtime "6.x"
      classnames "^2.2.5"
      component-classes "^1.2.6"
      fbjs "^0.8.16"
      prop-types "15.x"
      raf "^3.4.0"
      rc-util "^4.5.0"
      react-lifecycles-compat "^3.0.4"
  
  rc-calendar@~9.7.9:
    version "9.7.10"
    resolved "https://registry.yarnpkg.com/rc-calendar/-/rc-calendar-9.7.10.tgz#269393d9b5d4b5091cff65096bac7900ac809373"
    dependencies:
      babel-runtime "6.x"
      classnames "2.x"
      create-react-class "^15.5.2"
      moment "2.x"
      prop-types "^15.5.8"
      rc-trigger "^2.2.0"
      rc-util "^4.1.1"
  
  rc-cascader@~0.16.0:
    version "0.16.0"
    resolved "https://registry.yarnpkg.com/rc-cascader/-/rc-cascader-0.16.0.tgz#11baa854c2aaa2d6a8f601dec75dd136d59c5156"
    dependencies:
      array-tree-filter "^1.0.0"
      prop-types "^15.5.8"
      rc-trigger "^2.2.0"
      rc-util "^4.0.4"
      shallow-equal "^1.0.0"
      warning "^4.0.1"
  
  rc-checkbox@~2.1.5:
    version "2.1.5"
    resolved "https://registry.yarnpkg.com/rc-checkbox/-/rc-checkbox-2.1.5.tgz#411858448c0ee2a797ef8544dac63bcaeef722ef"
    dependencies:
      babel-runtime "^6.23.0"
      classnames "2.x"
      prop-types "15.x"
      rc-util "^4.0.4"
  
  rc-collapse@~1.10.0:
    version "1.10.0"
    resolved "https://registry.yarnpkg.com/rc-collapse/-/rc-collapse-1.10.0.tgz#b39578633a1e033391597776758763a10d3bc261"
    dependencies:
      classnames "2.x"
      css-animation "1.x"
      prop-types "^15.5.6"
      rc-animate "2.x"
  
  rc-dialog@~7.2.1:
    version "7.2.1"
    resolved "https://registry.yarnpkg.com/rc-dialog/-/rc-dialog-7.2.1.tgz#ac92fcffdf2a0eaa64b77f829336653d911a57be"
    dependencies:
      babel-runtime "6.x"
      rc-animate "2.x"
      rc-util "^4.4.0"
  
  rc-drawer@~1.7.6:
    version "1.7.6"
    resolved "https://registry.yarnpkg.com/rc-drawer/-/rc-drawer-1.7.6.tgz#925ce0768cf81ef5fa83eb22d90c603422b1b1b1"
    dependencies:
      babel-runtime "6.x"
      classnames "^2.2.5"
      prop-types "^15.5.0"
      rc-util "^4.5.1"
  
  rc-dropdown@~2.2.1:
    version "2.2.1"
    resolved "https://registry.yarnpkg.com/rc-dropdown/-/rc-dropdown-2.2.1.tgz#172b6e87f0909fe8ab983e375f62e2866f3250c3"
    dependencies:
      babel-runtime "^6.26.0"
      prop-types "^15.5.8"
      rc-trigger "^2.5.1"
      react-lifecycles-compat "^3.0.2"
  
  rc-editor-core@~0.8.3:
    version "0.8.7"
    resolved "https://registry.yarnpkg.com/rc-editor-core/-/rc-editor-core-0.8.7.tgz#0d0a46de772e48a1325c7c49d5ea6597b056b69e"
    dependencies:
      babel-runtime "^6.26.0"
      classnames "^2.2.5"
      draft-js "^0.10.0"
      immutable "^3.7.4"
      lodash "^4.16.5"
      prop-types "^15.5.8"
      setimmediate "^1.0.5"
  
  rc-editor-mention@^1.1.7:
    version "1.1.7"
    resolved "https://registry.yarnpkg.com/rc-editor-mention/-/rc-editor-mention-1.1.7.tgz#c72d181859beda96669f4b43e19a941e68fa985b"
    dependencies:
      babel-runtime "^6.23.0"
      classnames "^2.2.5"
      dom-scroll-into-view "^1.2.0"
      draft-js "~0.10.0"
      prop-types "^15.5.8"
      rc-animate "^2.3.0"
      rc-editor-core "~0.8.3"
  
  rc-form@^2.2.3:
    version "2.2.5"
    resolved "https://registry.yarnpkg.com/rc-form/-/rc-form-2.2.5.tgz#a7cdf21bdec31ee667f3ceb8acca68484e35c69a"
    dependencies:
      async-validator "~1.8.5"
      babel-runtime "6.x"
      create-react-class "^15.5.3"
      dom-scroll-into-view "1.x"
      hoist-non-react-statics "^2.3.1"
      lodash "^4.17.4"
      warning "^3.0.0"
  
  rc-hammerjs@~0.6.0:
    version "0.6.9"
    resolved "https://registry.yarnpkg.com/rc-hammerjs/-/rc-hammerjs-0.6.9.tgz#9a4ddbda1b2ec8f9b9596091a6a989842a243907"
    dependencies:
      babel-runtime "6.x"
      hammerjs "^2.0.8"
      prop-types "^15.5.9"
  
  rc-input-number@~4.1.0:
    version "4.1.0"
    resolved "https://registry.yarnpkg.com/rc-input-number/-/rc-input-number-4.1.0.tgz#1f96aa586f6e83cb797f3d904adac6af42f4c559"
    dependencies:
      babel-runtime "6.x"
      classnames "^2.2.0"
      is-negative-zero "^2.0.0"
      prop-types "^15.5.7"
      rc-util "^4.5.1"
      rmc-feedback "^2.0.0"
  
  rc-menu@^7.3.0, rc-menu@~7.4.12:
    version "7.4.15"
    resolved "https://registry.yarnpkg.com/rc-menu/-/rc-menu-7.4.15.tgz#18304e8b837514eccc0cc6d171fc15b9a6f3822f"
    dependencies:
      babel-runtime "6.x"
      classnames "2.x"
      dom-scroll-into-view "1.x"
      mini-store "^2.0.0"
      mutationobserver-shim "^0.3.2"
      prop-types "^15.5.6"
      rc-animate "2.x"
      rc-trigger "^2.3.0"
      rc-util "^4.1.0"
      resize-observer-polyfill "^1.5.0"
  
  rc-notification@~3.2.0:
    version "3.2.0"
    resolved "https://registry.yarnpkg.com/rc-notification/-/rc-notification-3.2.0.tgz#bbfb6a92c4e54c9eeb7ac51a7e8c64011ea12ab1"
    dependencies:
      babel-runtime "6.x"
      classnames "2.x"
      prop-types "^15.5.8"
      rc-animate "2.x"
      rc-util "^4.0.4"
  
  rc-pagination@~1.17.3:
    version "1.17.3"
    resolved "https://registry.yarnpkg.com/rc-pagination/-/rc-pagination-1.17.3.tgz#4c5334adef607f7a80b90ca7501a1e962491aae5"
    dependencies:
      babel-runtime "6.x"
      prop-types "^15.5.7"
  
  rc-progress@~2.2.6:
    version "2.2.6"
    resolved "https://registry.yarnpkg.com/rc-progress/-/rc-progress-2.2.6.tgz#d5d07c07333b352a9ef13230c5940e13336c1e62"
    dependencies:
      babel-runtime "6.x"
      prop-types "^15.5.8"
  
  rc-rate@~2.4.2:
    version "2.4.2"
    resolved "https://registry.yarnpkg.com/rc-rate/-/rc-rate-2.4.2.tgz#c097bfdba7a5783cec287c928b1461cc1621f836"
    dependencies:
      babel-runtime "^6.26.0"
      classnames "^2.2.5"
      prop-types "^15.5.8"
      rc-util "^4.3.0"
  
  rc-select@~8.4.0:
    version "8.4.1"
    resolved "https://registry.yarnpkg.com/rc-select/-/rc-select-8.4.1.tgz#2801a5829896f6ea902f473c6b0d7226bf3b41c5"
    dependencies:
      babel-runtime "^6.23.0"
      classnames "2.x"
      component-classes "1.x"
      dom-scroll-into-view "1.x"
      prop-types "^15.5.8"
      raf "^3.4.0"
      rc-animate "2.x"
      rc-menu "^7.3.0"
      rc-trigger "^2.5.4"
      rc-util "^4.0.4"
      react-lifecycles-compat "^3.0.2"
      warning "^4.0.2"
  
  rc-slider@~8.6.3:
    version "8.6.3"
    resolved "https://registry.yarnpkg.com/rc-slider/-/rc-slider-8.6.3.tgz#1ca0e0bd2863252741de75e7bf8c9f2cfcffccb7"
    dependencies:
      babel-runtime "6.x"
      classnames "^2.2.5"
      prop-types "^15.5.4"
      rc-tooltip "^3.7.0"
      rc-util "^4.0.4"
      shallowequal "^1.0.1"
      warning "^3.0.0"
  
  rc-steps@~3.3.0:
    version "3.3.0"
    resolved "https://registry.yarnpkg.com/rc-steps/-/rc-steps-3.3.0.tgz#8817c438a6a5648997c7edb51bde727e6f32e132"
    dependencies:
      babel-runtime "^6.23.0"
      classnames "^2.2.3"
      lodash "^4.17.5"
      prop-types "^15.5.7"
  
  rc-switch@~1.8.0:
    version "1.8.0"
    resolved "https://registry.yarnpkg.com/rc-switch/-/rc-switch-1.8.0.tgz#cff32fd04c406d8c0c0397e69bc36350a333e236"
    dependencies:
      babel-runtime "^6.23.0"
      classnames "^2.2.1"
      prop-types "^15.5.6"
  
  rc-table@~6.3.4:
    version "6.3.7"
    resolved "https://registry.yarnpkg.com/rc-table/-/rc-table-6.3.7.tgz#0de4f71415abe3a8d9f9937ab7ddd142ab6143b7"
    dependencies:
      babel-runtime "6.x"
      classnames "^2.2.5"
      component-classes "^1.2.6"
      lodash "^4.17.5"
      mini-store "^2.0.0"
      prop-types "^15.5.8"
      rc-util "^4.0.4"
      react-lifecycles-compat "^3.0.2"
      shallowequal "^1.0.2"
      warning "^3.0.0"
  
  rc-tabs@~9.4.6:
    version "9.4.6"
    resolved "https://registry.yarnpkg.com/rc-tabs/-/rc-tabs-9.4.6.tgz#54dd60033d3dd86ba0cb3e4f09e9836379f5ac7a"
    dependencies:
      babel-runtime "6.x"
      classnames "2.x"
      lodash "^4.17.5"
      prop-types "15.x"
      rc-hammerjs "~0.6.0"
      rc-util "^4.0.4"
      warning "^3.0.0"
  
  rc-time-picker@~3.4.0:
    version "3.4.0"
    resolved "https://registry.yarnpkg.com/rc-time-picker/-/rc-time-picker-3.4.0.tgz#274e80122f885b37a4eace7393f3a25334fa141f"
    dependencies:
      babel-runtime "6.x"
      classnames "2.x"
      moment "2.x"
      prop-types "^15.5.8"
      rc-trigger "^2.2.0"
  
  rc-tooltip@^3.7.0, rc-tooltip@~3.7.3:
    version "3.7.3"
    resolved "https://registry.yarnpkg.com/rc-tooltip/-/rc-tooltip-3.7.3.tgz#280aec6afcaa44e8dff0480fbaff9e87fc00aecc"
    dependencies:
      babel-runtime "6.x"
      prop-types "^15.5.8"
      rc-trigger "^2.2.2"
  
  rc-tree-select@~2.3.1:
    version "2.3.1"
    resolved "https://registry.yarnpkg.com/rc-tree-select/-/rc-tree-select-2.3.1.tgz#e4c4e611756277737b79b1d77195929695f0e256"
    dependencies:
      babel-runtime "^6.23.0"
      classnames "^2.2.1"
      prop-types "^15.5.8"
      raf "^3.4.0"
      rc-animate "^3.0.0-rc.4"
      rc-tree "~1.14.3"
      rc-trigger "^3.0.0-rc.2"
      rc-util "^4.5.0"
      react-lifecycles-compat "^3.0.4"
      shallowequal "^1.0.2"
      warning "^4.0.1"
  
  rc-tree@~1.14.3, rc-tree@~1.14.6:
    version "1.14.7"
    resolved "https://registry.yarnpkg.com/rc-tree/-/rc-tree-1.14.7.tgz#fa7c7d32f7027443ed4bb4fb34fc094398fa5f8d"
    dependencies:
      babel-runtime "^6.23.0"
      classnames "2.x"
      prop-types "^15.5.8"
      rc-animate "^3.0.0-rc.5"
      rc-util "^4.5.1"
      react-lifecycles-compat "^3.0.4"
      warning "^3.0.0"
  
  rc-trigger@^2.2.0, rc-trigger@^2.2.2, rc-trigger@^2.3.0, rc-trigger@^2.5.1, rc-trigger@^2.5.4, rc-trigger@^2.6.2:
    version "2.6.2"
    resolved "https://registry.yarnpkg.com/rc-trigger/-/rc-trigger-2.6.2.tgz#a9c09ba5fad63af3b2ec46349c7db6cb46657001"
    dependencies:
      babel-runtime "6.x"
      classnames "^2.2.6"
      prop-types "15.x"
      rc-align "^2.4.0"
      rc-animate "2.x"
      rc-util "^4.4.0"
  
  rc-trigger@^3.0.0-rc.2:
    version "3.0.0-rc.3"
    resolved "https://registry.yarnpkg.com/rc-trigger/-/rc-trigger-3.0.0-rc.3.tgz#35842df1674d25315e1426a44882a4c97652258b"
    dependencies:
      babel-runtime "6.x"
      classnames "^2.2.6"
      prop-types "15.x"
      raf "^3.4.0"
      rc-align "^2.4.1"
      rc-animate "^3.0.0-rc.1"
      rc-util "^4.4.0"
  
  rc-upload@~2.6.0:
    version "2.6.0"
    resolved "https://registry.yarnpkg.com/rc-upload/-/rc-upload-2.6.0.tgz#9cfb8dda8b1bbae823a076d2dd81a5c0b3f0aa00"
    dependencies:
      babel-runtime "6.x"
      classnames "^2.2.5"
      prop-types "^15.5.7"
      warning "2.x"
  
  rc-util@^4.0.4, rc-util@^4.1.0, rc-util@^4.1.1, rc-util@^4.3.0, rc-util@^4.4.0, rc-util@^4.5.0, rc-util@^4.5.1:
    version "4.6.0"
    resolved "https://registry.yarnpkg.com/rc-util/-/rc-util-4.6.0.tgz#ba33721783192ec4f3afb259e182b04e55deb7f6"
    dependencies:
      add-dom-event-listener "^1.1.0"
      babel-runtime "6.x"
      prop-types "^15.5.10"
      shallowequal "^0.2.2"
  
  react-dom@^16.5.2:
    version "16.5.2"
    resolved "https://registry.yarnpkg.com/react-dom/-/react-dom-16.5.2.tgz#b69ee47aa20bab5327b2b9d7c1fe2a30f2cfa9d7"
    dependencies:
      loose-envify "^1.1.0"
      object-assign "^4.1.1"
      prop-types "^15.6.2"
      schedule "^0.5.0"
  
  react-fast-compare@^2.0.0:
    version "2.0.2"
    resolved "https://registry.yarnpkg.com/react-fast-compare/-/react-fast-compare-2.0.2.tgz#0560ba7a61a1662d9cea8cd97a0d9db7591bab1c"
  
  react-lazy-load@^3.0.13:
    version "3.0.13"
    resolved "https://registry.yarnpkg.com/react-lazy-load/-/react-lazy-load-3.0.13.tgz#3b0a92d336d43d3f0d73cbe6f35b17050b08b824"
    dependencies:
      eventlistener "0.0.1"
      lodash.debounce "^4.0.0"
      lodash.throttle "^4.0.0"
      prop-types "^15.5.8"
  
  react-lifecycles-compat@^3.0.2, react-lifecycles-compat@^3.0.4:
    version "3.0.4"
    resolved "https://registry.yarnpkg.com/react-lifecycles-compat/-/react-lifecycles-compat-3.0.4.tgz#4f1a273afdfc8f3488a8c516bfda78f872352362"
  
  react-map-gl@^3.3.0:
    version "3.3.6"
    resolved "https://registry.yarnpkg.com/react-map-gl/-/react-map-gl-3.3.6.tgz#2f207897b875aa70aa363d76b3667572b5bafad0"
    dependencies:
      babel-runtime "^6.23.0"
      immutable "^3.8.2"
      mapbox-gl "~0.50.0"
      math.gl "^2.0.0"
      mjolnir.js "^1.2.1"
      prop-types "^15.5.7"
      viewport-mercator-project "^6.0.0"
  
  react-slick@~0.23.1:
    version "0.23.1"
    resolved "https://registry.yarnpkg.com/react-slick/-/react-slick-0.23.1.tgz#15791c4107f0ba3a5688d5bd97b7b7ceaa0dd181"
    dependencies:
      classnames "^2.2.5"
      enquire.js "^2.1.6"
      json2mq "^0.2.0"
      lodash.debounce "^4.0.8"
      resize-observer-polyfill "^1.5.0"
  
  react@^16.5.2:
    version "16.5.2"
    resolved "https://registry.yarnpkg.com/react/-/react-16.5.2.tgz#19f6b444ed139baa45609eee6dc3d318b3895d42"
    dependencies:
      loose-envify "^1.1.0"
      object-assign "^4.1.1"
      prop-types "^15.6.2"
      schedule "^0.5.0"
  
  readable-stream@^2.0.2, readable-stream@^2.1.5, readable-stream@^2.2.2, readable-stream@~2.3.3:
    version "2.3.6"
    resolved "http://registry.npmjs.org/readable-stream/-/readable-stream-2.3.6.tgz#b11c27d88b8ff1fbe070643cf94b0c79ae1b0aaf"
    dependencies:
      core-util-is "~1.0.0"
      inherits "~2.0.3"
      isarray "~1.0.0"
      process-nextick-args "~2.0.0"
      safe-buffer "~5.1.1"
      string_decoder "~1.1.1"
      util-deprecate "~1.0.1"
  
  readable-stream@~1.1.0:
    version "1.1.14"
    resolved "http://registry.npmjs.org/readable-stream/-/readable-stream-1.1.14.tgz#7cf4c54ef648e3813084c636dd2079e166c081d9"
    dependencies:
      core-util-is "~1.0.0"
      inherits "~2.0.1"
      isarray "0.0.1"
      string_decoder "~0.10.x"
  
  redeyed@~0.4.0:
    version "0.4.4"
    resolved "https://registry.yarnpkg.com/redeyed/-/redeyed-0.4.4.tgz#37e990a6f2b21b2a11c2e6a48fd4135698cba97f"
    dependencies:
      esprima "~1.0.4"
  
  regenerator-runtime@^0.11.0:
    version "0.11.1"
    resolved "https://registry.yarnpkg.com/regenerator-runtime/-/regenerator-runtime-0.11.1.tgz#be05ad7f9bf7d22e056f9726cee5017fbf19e2e9"
  
  regenerator-runtime@^0.12.0:
    version "0.12.1"
    resolved "https://registry.yarnpkg.com/regenerator-runtime/-/regenerator-runtime-0.12.1.tgz#fa1a71544764c036f8c49b13a08b2594c9f8a0de"
  
  regression@~2.0.0:
    version "2.0.1"
    resolved "https://registry.yarnpkg.com/regression/-/regression-2.0.1.tgz#8d29c3e8224a10850c35e337e85a8b2fac3b0c87"
  
  repeat-string@^1.5.2:
    version "1.6.1"
    resolved "https://registry.yarnpkg.com/repeat-string/-/repeat-string-1.6.1.tgz#8dcae470e1c88abc2d600fff4a776286da75e637"
  
  resize-observer-polyfill@^1.5.0:
    version "1.5.0"
    resolved "https://registry.yarnpkg.com/resize-observer-polyfill/-/resize-observer-polyfill-1.5.0.tgz#660ff1d9712a2382baa2cad450a4716209f9ca69"
  
  resolve-protobuf-schema@^2.0.0:
    version "2.1.0"
    resolved "https://registry.yarnpkg.com/resolve-protobuf-schema/-/resolve-protobuf-schema-2.1.0.tgz#9ca9a9e69cf192bbdaf1006ec1973948aa4a3758"
    dependencies:
      protocol-buffers-schema "^3.3.1"
  
  resolve@^1.1.5:
    version "1.8.1"
    resolved "https://registry.yarnpkg.com/resolve/-/resolve-1.8.1.tgz#82f1ec19a423ac1fbd080b0bab06ba36e84a7a26"
    dependencies:
      path-parse "^1.0.5"
  
  resolve@~1.7.1:
    version "1.7.1"
    resolved "https://registry.yarnpkg.com/resolve/-/resolve-1.7.1.tgz#aadd656374fd298aee895bc026b8297418677fd3"
    dependencies:
      path-parse "^1.0.5"
  
  resumer@~0.0.0:
    version "0.0.0"
    resolved "https://registry.yarnpkg.com/resumer/-/resumer-0.0.0.tgz#f1e8f461e4064ba39e82af3cdc2a8c893d076759"
    dependencies:
      through "~2.3.4"
  
  right-align@^0.1.1:
    version "0.1.3"
    resolved "https://registry.yarnpkg.com/right-align/-/right-align-0.1.3.tgz#61339b722fe6a3515689210d24e14c96148613ef"
    dependencies:
      align-text "^0.1.1"
  
  rmc-feedback@^2.0.0:
    version "2.0.0"
    resolved "https://registry.yarnpkg.com/rmc-feedback/-/rmc-feedback-2.0.0.tgz#cbc6cb3ae63c7a635eef0e25e4fbaf5ac366eeaa"
    dependencies:
      babel-runtime "6.x"
      classnames "^2.2.5"
  
  rollup@^0.25.8:
    version "0.25.8"
    resolved "http://registry.npmjs.org/rollup/-/rollup-0.25.8.tgz#bf6ce83b87510d163446eeaa577ed6a6fc5835e0"
    dependencies:
      chalk "^1.1.1"
      minimist "^1.2.0"
      source-map-support "^0.3.2"
  
  rw@1, rw@^1.3.2, rw@^1.3.3:
    version "1.3.3"
    resolved "https://registry.yarnpkg.com/rw/-/rw-1.3.3.tgz#3f862dfa91ab766b14885ef4d01124bfda074fb4"
  
  safe-buffer@~5.1.0, safe-buffer@~5.1.1:
    version "5.1.2"
    resolved "https://registry.yarnpkg.com/safe-buffer/-/safe-buffer-5.1.2.tgz#991ec69d296e0313747d59bdfd2b745c35f8828d"
  
  "safer-buffer@>= 2.1.2 < 3":
    version "2.1.2"
    resolved "https://registry.yarnpkg.com/safer-buffer/-/safer-buffer-2.1.2.tgz#44fa161b0187b9549dd84bb91802f9bd8385cd6a"
  
  schedule@^0.5.0:
    version "0.5.0"
    resolved "https://registry.yarnpkg.com/schedule/-/schedule-0.5.0.tgz#c128fffa0b402488b08b55ae74bb9df55cc29cc8"
    dependencies:
      object-assign "^4.1.1"
  
  setimmediate@^1.0.5:
    version "1.0.5"
    resolved "https://registry.yarnpkg.com/setimmediate/-/setimmediate-1.0.5.tgz#290cbb232e306942d7d7ea9b83732ab7856f8285"
  
  shallow-copy@~0.0.1:
    version "0.0.1"
    resolved "https://registry.yarnpkg.com/shallow-copy/-/shallow-copy-0.0.1.tgz#415f42702d73d810330292cc5ee86eae1a11a170"
  
  shallow-equal@^1.0.0:
    version "1.0.0"
    resolved "https://registry.yarnpkg.com/shallow-equal/-/shallow-equal-1.0.0.tgz#508d1838b3de590ab8757b011b25e430900945f7"
  
  shallowequal@^0.2.2:
    version "0.2.2"
    resolved "https://registry.yarnpkg.com/shallowequal/-/shallowequal-0.2.2.tgz#1e32fd5bcab6ad688a4812cb0cc04efc75c7014e"
    dependencies:
      lodash.keys "^3.1.2"
  
  shallowequal@^1.0.1, shallowequal@^1.0.2, shallowequal@^1.1.0:
    version "1.1.0"
    resolved "https://registry.yarnpkg.com/shallowequal/-/shallowequal-1.1.0.tgz#188d521de95b9087404fd4dcb68b13df0ae4e7f8"
  
  sharkdown@^0.1.0:
    version "0.1.0"
    resolved "https://registry.yarnpkg.com/sharkdown/-/sharkdown-0.1.0.tgz#61d4fe529e75d02442127cc9234362265099214f"
    dependencies:
      cardinal "~0.4.2"
      expect.js "~0.2.0"
      minimist "0.0.5"
      split "~0.2.10"
      stream-spigot "~2.1.2"
      through "~2.3.4"
  
  simple-statistics@~6.1.0:
    version "6.1.1"
    resolved "https://registry.yarnpkg.com/simple-statistics/-/simple-statistics-6.1.1.tgz#e3a0799ffc49914d6f421c5a4ac585f6a13e2bad"
  
  source-map-support@^0.3.2:
    version "0.3.3"
    resolved "https://registry.yarnpkg.com/source-map-support/-/source-map-support-0.3.3.tgz#34900977d5ba3f07c7757ee72e73bb1a9b53754f"
    dependencies:
      source-map "0.1.32"
  
  source-map@0.1.32:
    version "0.1.32"
    resolved "https://registry.yarnpkg.com/source-map/-/source-map-0.1.32.tgz#c8b6c167797ba4740a8ea33252162ff08591b266"
    dependencies:
      amdefine ">=0.0.4"
  
  source-map@^0.5.6, source-map@~0.5.1:
    version "0.5.7"
    resolved "https://registry.yarnpkg.com/source-map/-/source-map-0.5.7.tgz#8a039d2d1021d22d1ea14c80d8ea468ba2ef3fcc"
  
  source-map@~0.6.1:
    version "0.6.1"
    resolved "https://registry.yarnpkg.com/source-map/-/source-map-0.6.1.tgz#74722af32e9614e9c287a8d0bbde48b5e2f1a263"
  
  split@~0.2.10:
    version "0.2.10"
    resolved "http://registry.npmjs.org/split/-/split-0.2.10.tgz#67097c601d697ce1368f418f06cd201cf0521a57"
    dependencies:
      through "2"
  
  static-eval@^2.0.0:
    version "2.0.0"
    resolved "https://registry.yarnpkg.com/static-eval/-/static-eval-2.0.0.tgz#0e821f8926847def7b4b50cda5d55c04a9b13864"
    dependencies:
      escodegen "^1.8.1"
  
  static-module@^2.2.0:
    version "2.2.5"
    resolved "https://registry.yarnpkg.com/static-module/-/static-module-2.2.5.tgz#bd40abceae33da6b7afb84a0e4329ff8852bfbbf"
    dependencies:
      concat-stream "~1.6.0"
      convert-source-map "^1.5.1"
      duplexer2 "~0.1.4"
      escodegen "~1.9.0"
      falafel "^2.1.0"
      has "^1.0.1"
      magic-string "^0.22.4"
      merge-source-map "1.0.4"
      object-inspect "~1.4.0"
      quote-stream "~1.0.2"
      readable-stream "~2.3.3"
      shallow-copy "~0.0.1"
      static-eval "^2.0.0"
      through2 "~2.0.3"
  
  stream-spigot@~2.1.2:
    version "2.1.2"
    resolved "https://registry.yarnpkg.com/stream-spigot/-/stream-spigot-2.1.2.tgz#7de145e819f8dd0db45090d13dcf73a8ed3cc035"
    dependencies:
      readable-stream "~1.1.0"
  
  string-convert@^0.2.0:
    version "0.2.1"
    resolved "https://registry.yarnpkg.com/string-convert/-/string-convert-0.2.1.tgz#6982cc3049fbb4cd85f8b24568b9d9bf39eeff97"
  
  string.prototype.trim@~1.1.2:
    version "1.1.2"
    resolved "https://registry.yarnpkg.com/string.prototype.trim/-/string.prototype.trim-1.1.2.tgz#d04de2c89e137f4d7d206f086b5ed2fae6be8cea"
    dependencies:
      define-properties "^1.1.2"
      es-abstract "^1.5.0"
      function-bind "^1.0.2"
  
  string_decoder@~0.10.x:
    version "0.10.31"
    resolved "https://registry.yarnpkg.com/string_decoder/-/string_decoder-0.10.31.tgz#62e203bc41766c6c28c9fc84301dab1c5310fa94"
  
  string_decoder@~1.1.1:
    version "1.1.1"
    resolved "https://registry.yarnpkg.com/string_decoder/-/string_decoder-1.1.1.tgz#9cf1611ba62685d7030ae9e4ba34149c3af03fc8"
    dependencies:
      safe-buffer "~5.1.0"
  
  strip-ansi@^3.0.0:
    version "3.0.1"
    resolved "http://registry.npmjs.org/strip-ansi/-/strip-ansi-3.0.1.tgz#6a385fb8853d952d5ff05d0e8aaf94278dc63dcf"
    dependencies:
      ansi-regex "^2.0.0"
  
  supercluster@^4.1.1:
    version "4.1.1"
    resolved "https://registry.yarnpkg.com/supercluster/-/supercluster-4.1.1.tgz#cf13c3b28a3fb3db5290bfad7f524e244bd4ce78"
    dependencies:
      kdbush "^2.0.1"
  
  supports-color@^2.0.0:
    version "2.0.0"
    resolved "https://registry.yarnpkg.com/supports-color/-/supports-color-2.0.0.tgz#535d045ce6b6363fa40117084629995e9df324c7"
  
  tape@^4.5.1:
    version "4.9.1"
    resolved "https://registry.yarnpkg.com/tape/-/tape-4.9.1.tgz#1173d7337e040c76fbf42ec86fcabedc9b3805c9"
    dependencies:
      deep-equal "~1.0.1"
      defined "~1.0.0"
      for-each "~0.3.3"
      function-bind "~1.1.1"
      glob "~7.1.2"
      has "~1.0.3"
      inherits "~2.0.3"
      minimist "~1.2.0"
      object-inspect "~1.6.0"
      resolve "~1.7.1"
      resumer "~0.0.0"
      string.prototype.trim "~1.1.2"
      through "~2.3.8"
  
  through2@^2.0.0, through2@~2.0.3:
    version "2.0.3"
    resolved "https://registry.yarnpkg.com/through2/-/through2-2.0.3.tgz#0004569b37c7c74ba39c43f3ced78d1ad94140be"
    dependencies:
      readable-stream "^2.1.5"
      xtend "~4.0.1"
  
  through@2, through@~2.3.4, through@~2.3.8:
    version "2.3.8"
    resolved "http://registry.npmjs.org/through/-/through-2.3.8.tgz#0dd4c9ffaabc357960b1b724115d7e0e86a2e1f5"
  
  tinycolor2@^1.4.1:
    version "1.4.1"
    resolved "https://registry.yarnpkg.com/tinycolor2/-/tinycolor2-1.4.1.tgz#f4fad333447bc0b07d4dc8e9209d8f39a8ac77e8"
  
  tinyqueue@^1.1.0:
    version "1.2.3"
    resolved "https://registry.yarnpkg.com/tinyqueue/-/tinyqueue-1.2.3.tgz#b6a61de23060584da29f82362e45df1ec7353f3d"
  
  topojson-client@~3.0.0:
    version "3.0.0"
    resolved "https://registry.yarnpkg.com/topojson-client/-/topojson-client-3.0.0.tgz#1f99293a77ef42a448d032a81aa982b73f360d2f"
    dependencies:
      commander "2"
  
  type-check@~0.3.2:
    version "0.3.2"
    resolved "https://registry.yarnpkg.com/type-check/-/type-check-0.3.2.tgz#5884cab512cf1d355e3fb784f30804b2b520db72"
    dependencies:
      prelude-ls "~1.1.2"
  
  typedarray@^0.0.6:
    version "0.0.6"
    resolved "https://registry.yarnpkg.com/typedarray/-/typedarray-0.0.6.tgz#867ac74e3864187b1d3d47d996a78ec5c8830777"
  
  ua-parser-js@^0.7.18:
    version "0.7.18"
    resolved "https://registry.yarnpkg.com/ua-parser-js/-/ua-parser-js-0.7.18.tgz#a7bfd92f56edfb117083b69e31d2aa8882d4b1ed"
  
  uglify-js@^2.6.2:
    version "2.8.29"
    resolved "https://registry.yarnpkg.com/uglify-js/-/uglify-js-2.8.29.tgz#29c5733148057bb4e1f75df35b7a9cb72e6a59dd"
    dependencies:
      source-map "~0.5.1"
      yargs "~3.10.0"
    optionalDependencies:
      uglify-to-browserify "~1.0.0"
  
  uglify-to-browserify@~1.0.0:
    version "1.0.2"
    resolved "https://registry.yarnpkg.com/uglify-to-browserify/-/uglify-to-browserify-1.0.2.tgz#6e0924d6bda6b5afe349e39a6d632850a0f882b7"
  
  util-deprecate@~1.0.1:
    version "1.0.2"
    resolved "https://registry.yarnpkg.com/util-deprecate/-/util-deprecate-1.0.2.tgz#450d4dc9fa70de732762fbd2d4a28981419a0ccf"
  
  venn.js@~0.2.20:
    version "0.2.20"
    resolved "https://registry.yarnpkg.com/venn.js/-/venn.js-0.2.20.tgz#3f0e50cc75cba1f58692a8a32f67bd7aaf1aa6fa"
    dependencies:
      d3-selection "^1.0.2"
      d3-transition "^1.0.1"
      fmin "0.0.2"
  
  victory-area@^30.3.1:
    version "30.3.1"
    resolved "https://registry.yarnpkg.com/victory-area/-/victory-area-30.3.1.tgz#511ec63e6df0c9cc8dfa5077937414090049f401"
    dependencies:
      d3-shape "^1.2.0"
      lodash "^4.17.5"
      prop-types "^15.5.8"
      victory-core "^30.3.1"
  
  victory-axis@^30.3.1:
    version "30.3.1"
    resolved "https://registry.yarnpkg.com/victory-axis/-/victory-axis-30.3.1.tgz#05ccc637a07715bdc21570a468f220b0ee037f63"
    dependencies:
      lodash "^4.17.5"
      prop-types "^15.5.8"
      victory-core "^30.3.1"
  
  victory-bar@^30.4.1:
    version "30.4.1"
    resolved "https://registry.yarnpkg.com/victory-bar/-/victory-bar-30.4.1.tgz#0709bbc23115d8463a383438ab419c803063504d"
    dependencies:
      d3-shape "^1.2.0"
      lodash "^4.17.5"
      prop-types "^15.5.8"
      victory-core "^30.3.1"
  
  victory-box-plot@^30.3.1:
    version "30.3.1"
    resolved "https://registry.yarnpkg.com/victory-box-plot/-/victory-box-plot-30.3.1.tgz#e133816e8699d205a856f06fd0b1e63e468074c3"
    dependencies:
      d3-array "^1.2.0"
      lodash "^4.17.5"
      prop-types "^15.5.8"
      victory-core "^30.3.1"
  
  victory-brush-container@^30.5.0:
    version "30.5.0"
    resolved "https://registry.yarnpkg.com/victory-brush-container/-/victory-brush-container-30.5.0.tgz#d0bb1f59ebb3124d24b26ecf45ceab0d663a236c"
    dependencies:
      lodash "^4.17.5"
      prop-types "^15.5.8"
      victory-core "^30.3.1"
  
  victory-brush-line@^30.3.1:
    version "30.3.1"
    resolved "https://registry.yarnpkg.com/victory-brush-line/-/victory-brush-line-30.3.1.tgz#1622a0ecf29a96836c3a3bc183d04fca36129fcb"
    dependencies:
      lodash "^4.17.5"
      prop-types "^15.5.8"
      victory-core "^30.3.1"
  
  victory-candlestick@^30.3.1:
    version "30.3.1"
    resolved "https://registry.yarnpkg.com/victory-candlestick/-/victory-candlestick-30.3.1.tgz#6b0847f9b59a58b2320700d87d2bd7a537b3a1ba"
    dependencies:
      lodash "^4.17.5"
      prop-types "^15.5.8"
      victory-core "^30.3.1"
  
  victory-chart@^30.3.1:
    version "30.3.1"
    resolved "https://registry.yarnpkg.com/victory-chart/-/victory-chart-30.3.1.tgz#720f01a3fbe704185ee24f65b5de2c2a97c3383a"
    dependencies:
      lodash "^4.17.5"
      prop-types "^15.5.8"
      react-fast-compare "^2.0.0"
      victory-axis "^30.3.1"
      victory-core "^30.3.1"
      victory-polar-axis "^30.3.1"
      victory-shared-events "^30.3.1"
  
  victory-core@^30.3.1:
    version "30.3.1"
    resolved "https://registry.yarnpkg.com/victory-core/-/victory-core-30.3.1.tgz#7ca23842b3cd24e21ba7ce974381b87fbed80a46"
    dependencies:
      d3-ease "^1.0.0"
      d3-interpolate "^1.1.1"
      d3-scale "^1.0.0"
      d3-shape "^1.2.0"
      d3-timer "^1.0.0"
      lodash "^4.17.5"
      prop-types "^15.5.8"
      react-fast-compare "^2.0.0"
  
  victory-create-container@^30.5.0:
    version "30.5.0"
    resolved "https://registry.yarnpkg.com/victory-create-container/-/victory-create-container-30.5.0.tgz#2c581f937ad0502314438a003d00c9486b4a6cc3"
    dependencies:
      lodash "^4.17.5"
      victory-brush-container "^30.5.0"
      victory-core "^30.3.1"
      victory-cursor-container "^30.3.1"
      victory-selection-container "^30.3.1"
      victory-voronoi-container "^30.3.1"
      victory-zoom-container "^30.3.1"
  
  victory-cursor-container@^30.3.1:
    version "30.3.1"
    resolved "https://registry.yarnpkg.com/victory-cursor-container/-/victory-cursor-container-30.3.1.tgz#833fd2a35f16db030fe1093ff258b045154d8ce9"
    dependencies:
      lodash "^4.17.5"
      prop-types "^15.5.8"
      victory-core "^30.3.1"
  
  victory-errorbar@^30.3.1:
    version "30.3.1"
    resolved "https://registry.yarnpkg.com/victory-errorbar/-/victory-errorbar-30.3.1.tgz#525103c60632847a55eb54f9d9732448bda364a0"
    dependencies:
      lodash "^4.17.5"
      prop-types "^15.5.8"
      victory-core "^30.3.1"
  
  victory-group@^30.3.1:
    version "30.3.1"
    resolved "https://registry.yarnpkg.com/victory-group/-/victory-group-30.3.1.tgz#4ea9f272fe4fcd14ec3b6095792251320dd84137"
    dependencies:
      lodash "^4.17.5"
      prop-types "^15.5.8"
      victory-core "^30.3.1"
  
  victory-legend@^30.3.1:
    version "30.3.1"
    resolved "https://registry.yarnpkg.com/victory-legend/-/victory-legend-30.3.1.tgz#a1b29814a3d384485171811119d7419b7e8b9ec1"
    dependencies:
      lodash "^4.17.5"
      prop-types "^15.5.8"
      victory-core "^30.3.1"
  
  victory-line@^30.5.0:
    version "30.5.0"
    resolved "https://registry.yarnpkg.com/victory-line/-/victory-line-30.5.0.tgz#726c59ceaacedfc95c9e83c0ba7d7d42b65fec67"
    dependencies:
      d3-shape "^1.2.0"
      lodash "^4.17.5"
      prop-types "^15.5.8"
      victory-core "^30.3.1"
  
  victory-pie@^30.5.0:
    version "30.5.0"
    resolved "https://registry.yarnpkg.com/victory-pie/-/victory-pie-30.5.0.tgz#11ad76cc36c45dbeffb62f64b360350fab4ce97c"
    dependencies:
      d3-shape "^1.0.0"
      lodash "^4.17.5"
      prop-types "^15.5.8"
      victory-core "^30.3.1"
  
  victory-polar-axis@^30.3.1:
    version "30.3.1"
    resolved "https://registry.yarnpkg.com/victory-polar-axis/-/victory-polar-axis-30.3.1.tgz#de4097cd0365124e5baeacf9c9c35a1c2beabe1f"
    dependencies:
      lodash "^4.17.5"
      prop-types "^15.5.8"
      victory-core "^30.3.1"
  
  victory-scatter@^30.3.1:
    version "30.3.1"
    resolved "https://registry.yarnpkg.com/victory-scatter/-/victory-scatter-30.3.1.tgz#27388172ebacd6d25cd4d06cdaaeb4fd03d440f8"
    dependencies:
      lodash "^4.17.5"
      prop-types "^15.5.8"
      victory-core "^30.3.1"
  
  victory-selection-container@^30.3.1:
    version "30.3.1"
    resolved "https://registry.yarnpkg.com/victory-selection-container/-/victory-selection-container-30.3.1.tgz#37dffd6a830f9fef9ceaa78308e9c62456022bd4"
    dependencies:
      lodash "^4.17.5"
      prop-types "^15.5.8"
      victory-core "^30.3.1"
  
  victory-shared-events@^30.3.1:
    version "30.3.1"
    resolved "https://registry.yarnpkg.com/victory-shared-events/-/victory-shared-events-30.3.1.tgz#2b74b73e9bd6eb0987388a8dea4af10c97c30e57"
    dependencies:
      lodash "^4.17.5"
      prop-types "^15.5.8"
      victory-core "^30.3.1"
  
  victory-stack@^30.3.1:
    version "30.3.1"
    resolved "https://registry.yarnpkg.com/victory-stack/-/victory-stack-30.3.1.tgz#a227bc14d89ed75d244dc7842746001531df61f9"
    dependencies:
      lodash "^4.17.5"
      prop-types "^15.5.8"
      victory-core "^30.3.1"
  
  victory-tooltip@^30.3.1:
    version "30.3.1"
    resolved "https://registry.yarnpkg.com/victory-tooltip/-/victory-tooltip-30.3.1.tgz#52408fcf9d2eb6992364e2543c9ee960559f88af"
    dependencies:
      lodash "^4.17.5"
      prop-types "^15.5.8"
      victory-core "^30.3.1"
  
  victory-voronoi-container@^30.3.1:
    version "30.3.1"
    resolved "https://registry.yarnpkg.com/victory-voronoi-container/-/victory-voronoi-container-30.3.1.tgz#ce3c7bb9a91aadc705635ae588dad2f53bfbfac6"
    dependencies:
      d3-voronoi "^1.1.2"
      lodash "^4.17.5"
      prop-types "^15.5.8"
      victory-core "^30.3.1"
      victory-tooltip "^30.3.1"
  
  victory-voronoi@^30.3.1:
    version "30.3.1"
    resolved "https://registry.yarnpkg.com/victory-voronoi/-/victory-voronoi-30.3.1.tgz#4cbb6a1787584276d70167ad4f28d03ee2c1891f"
    dependencies:
      d3-voronoi "^1.1.2"
      lodash "^4.17.5"
      prop-types "^15.5.8"
      victory-core "^30.3.1"
  
  victory-zoom-container@^30.3.1:
    version "30.3.1"
    resolved "https://registry.yarnpkg.com/victory-zoom-container/-/victory-zoom-container-30.3.1.tgz#f6243b0c181991c0db5dd86c57ee6de7672f0313"
    dependencies:
      lodash "^4.17.5"
      prop-types "^15.5.8"
      victory-core "^30.3.1"
  
  victory@^30.5.0:
    version "30.5.0"
    resolved "https://registry.yarnpkg.com/victory/-/victory-30.5.0.tgz#0e9d724886b6bfcc41e7164b39bf6a3394bb57b3"
    dependencies:
      victory-area "^30.3.1"
      victory-axis "^30.3.1"
      victory-bar "^30.4.1"
      victory-box-plot "^30.3.1"
      victory-brush-container "^30.5.0"
      victory-brush-line "^30.3.1"
      victory-candlestick "^30.3.1"
      victory-chart "^30.3.1"
      victory-core "^30.3.1"
      victory-create-container "^30.5.0"
      victory-cursor-container "^30.3.1"
      victory-errorbar "^30.3.1"
      victory-group "^30.3.1"
      victory-legend "^30.3.1"
      victory-line "^30.5.0"
      victory-pie "^30.5.0"
      victory-polar-axis "^30.3.1"
      victory-scatter "^30.3.1"
      victory-selection-container "^30.3.1"
      victory-shared-events "^30.3.1"
      victory-stack "^30.3.1"
      victory-tooltip "^30.3.1"
      victory-voronoi "^30.3.1"
      victory-voronoi-container "^30.3.1"
      victory-zoom-container "^30.3.1"
  
  viewport-mercator-project@^6.0.0:
    version "6.0.0"
    resolved "https://registry.yarnpkg.com/viewport-mercator-project/-/viewport-mercator-project-6.0.0.tgz#33b8bb40bae44978b889e5425f4f5d26f2367ecb"
    dependencies:
      "@babel/runtime" "^7.0.0"
      math.gl "^2.1.0"
  
  vlq@^0.2.2:
    version "0.2.3"
    resolved "https://registry.yarnpkg.com/vlq/-/vlq-0.2.3.tgz#8f3e4328cf63b1540c0d67e1b2778386f8975b26"
  
  vt-pbf@^3.0.1:
    version "3.1.1"
    resolved "https://registry.yarnpkg.com/vt-pbf/-/vt-pbf-3.1.1.tgz#b0f627e39a10ce91d943b898ed2363d21899fb82"
    dependencies:
      "@mapbox/point-geometry" "0.1.0"
      "@mapbox/vector-tile" "^1.3.1"
      pbf "^3.0.5"
  
  vue-router@^2.0.0-rc.7:
    version "2.8.1"
    resolved "https://registry.yarnpkg.com/vue-router/-/vue-router-2.8.1.tgz#9833c9ee57ac83beb0269056fefee71713f20695"
  
  vue@^2.2.0:
    version "2.5.17"
    resolved "https://registry.yarnpkg.com/vue/-/vue-2.5.17.tgz#0f8789ad718be68ca1872629832ed533589c6ada"
  
  warning@2.x:
    version "2.1.0"
    resolved "https://registry.yarnpkg.com/warning/-/warning-2.1.0.tgz#21220d9c63afc77a8c92111e011af705ce0c6901"
    dependencies:
      loose-envify "^1.0.0"
  
  warning@^3.0.0:
    version "3.0.0"
    resolved "https://registry.yarnpkg.com/warning/-/warning-3.0.0.tgz#32e5377cb572de4ab04753bdf8821c01ed605b7c"
    dependencies:
      loose-envify "^1.0.0"
  
  warning@^4.0.1, warning@^4.0.2, warning@~4.0.2:
    version "4.0.2"
    resolved "https://registry.yarnpkg.com/warning/-/warning-4.0.2.tgz#aa6876480872116fa3e11d434b0d0d8d91e44607"
    dependencies:
      loose-envify "^1.0.0"
  
  wgs84@0.0.0:
    version "0.0.0"
    resolved "https://registry.yarnpkg.com/wgs84/-/wgs84-0.0.0.tgz#34fdc555917b6e57cf2a282ed043710c049cdc76"
  
  whatwg-fetch@>=0.10.0:
    version "3.0.0"
    resolved "https://registry.yarnpkg.com/whatwg-fetch/-/whatwg-fetch-3.0.0.tgz#fc804e458cc460009b1a2b966bc8817d2578aefb"
  
  window-size@0.1.0:
    version "0.1.0"
    resolved "https://registry.yarnpkg.com/window-size/-/window-size-0.1.0.tgz#5438cd2ea93b202efa3a19fe8887aee7c94f9c9d"
  
  wolfy87-eventemitter@~5.1.0:
    version "5.1.0"
    resolved "https://registry.yarnpkg.com/wolfy87-eventemitter/-/wolfy87-eventemitter-5.1.0.tgz#35c1ac0dd1ac0c15e35d981508fc22084a13a011"
  
  wordwrap@0.0.2:
    version "0.0.2"
    resolved "https://registry.yarnpkg.com/wordwrap/-/wordwrap-0.0.2.tgz#b79669bb42ecb409f83d583cad52ca17eaa1643f"
  
  wordwrap@~1.0.0:
    version "1.0.0"
    resolved "https://registry.yarnpkg.com/wordwrap/-/wordwrap-1.0.0.tgz#27584810891456a4171c8d0226441ade90cbcaeb"
  
  wrappy@1:
    version "1.0.2"
    resolved "https://registry.yarnpkg.com/wrappy/-/wrappy-1.0.2.tgz#b5243d8f3ec1aa35f1364605bc0d1036e30ab69f"
  
  xtend@~4.0.1:
    version "4.0.1"
    resolved "https://registry.yarnpkg.com/xtend/-/xtend-4.0.1.tgz#a5c6d532be656e23db820efb943a1f04998d63af"
  
  yargs@~3.10.0:
    version "3.10.0"
    resolved "http://registry.npmjs.org/yargs/-/yargs-3.10.0.tgz#f7ee7bd857dd7c1d2d38c0e74efbd681d1431fd1"
    dependencies:
      camelcase "^1.0.2"
      cliui "^2.1.0"
      decamelize "^1.0.0"
      window-size "0.1.0"
